<<<<<<< HEAD
[2m2021-05-25 01:36:38.170[0;39m [32m INFO[0;39m [35m9756[0;39m [2m---[0;39m [2m[  restartedMain][0;39m [36m.e.DevToolsPropertyDefaultsPostProcessor[0;39m [2m:[0;39m Devtools property defaults active! Set 'spring.devtools.add-properties' to 'false' to disable
[2m2021-05-25 01:36:38.210[0;39m [32m INFO[0;39m [35m9756[0;39m [2m---[0;39m [2m[  restartedMain][0;39m [36m.e.DevToolsPropertyDefaultsPostProcessor[0;39m [2m:[0;39m For additional web related logging consider setting the 'logging.level.web' property to 'DEBUG'
[2m2021-05-25 01:37:17.509[0;39m [32m INFO[0;39m [35m9756[0;39m [2m---[0;39m [2m[  restartedMain][0;39m [36mo.s.b.w.embedded.tomcat.TomcatWebServer [0;39m [2m:[0;39m Tomcat initialized with port(s): 9999 (http)
[2m2021-05-25 01:37:20.077[0;39m [32m INFO[0;39m [35m9756[0;39m [2m---[0;39m [2m[  restartedMain][0;39m [36mw.s.c.ServletWebServerApplicationContext[0;39m [2m:[0;39m Root WebApplicationContext: initialization completed in 41847 ms
[2m2021-05-25 01:37:31.414[0;39m [32m INFO[0;39m [35m9756[0;39m [2m---[0;39m [2m[  restartedMain][0;39m [36mo.s.s.concurrent.ThreadPoolTaskExecutor [0;39m [2m:[0;39m Initializing ExecutorService 'applicationTaskExecutor'
[2m2021-05-25 01:37:32.021[0;39m [32m INFO[0;39m [35m9756[0;39m [2m---[0;39m [2m[  restartedMain][0;39m [36mo.s.b.d.a.OptionalLiveReloadServer      [0;39m [2m:[0;39m LiveReload server is running on port 35729
[2m2021-05-25 01:37:35.526[0;39m [32m INFO[0;39m [35m9756[0;39m [2m---[0;39m [2m[  restartedMain][0;39m [36mo.s.b.w.embedded.tomcat.TomcatWebServer [0;39m [2m:[0;39m Tomcat started on port(s): 9999 (http) with context path '/vue'
[2m2021-05-25 01:42:42.813[0;39m [32m INFO[0;39m [35m9756[0;39m [2m---[0;39m [2m[nio-9999-exec-1][0;39m [36mo.s.web.servlet.DispatcherServlet       [0;39m [2m:[0;39m Initializing Servlet 'dispatcherServlet'
[2m2021-05-25 01:42:42.841[0;39m [32m INFO[0;39m [35m9756[0;39m [2m---[0;39m [2m[nio-9999-exec-1][0;39m [36mo.s.web.servlet.DispatcherServlet       [0;39m [2m:[0;39m Completed initialization in 26 ms
[2m2021-05-25 01:43:14.024[0;39m [32m INFO[0;39m [35m9756[0;39m [2m---[0;39m [2m[nio-9999-exec-2][0;39m [36mcom.ssafy.vue.service.JwtService        [0;39m [2m:[0;39m jwt : eyJ0eXAiOiJKV1QiLCJhbGciOiJIUzI1NiJ9.eyJzdWIiOiLroZzqt7jsnbjthqDtgbAiLCJleHAiOjE2MjE4NzQ4OTEsInVzZXIiOnsidXNlcmlkIjoidGVzdDIiLCJ1c2VybmFtZSI6InRlc3QyIiwidXNlcnB3ZCI6bnVsbCwicGhvbmUiOiJ0ZXN0QHNzYWZ5IiwiZW1haWwiOiIwMTAtMDAwMC0wMDAwIiwiam9pbmRhdGUiOjE2MjE3Njc1NzAwMDB9LCJncmVldGluZyI6Iu2ZmOyYge2VqeuLiOuLpC4gdGVzdDIifQ.AmW_Lx1tbbHZjpeAy2oVIFB8Uoi6kjflKMzHvvMZAOQ
[2m2021-05-25 01:43:14.024[0;39m [32m INFO[0;39m [35m9756[0;39m [2m---[0;39m [2m[nio-9999-exec-1][0;39m [36mcom.ssafy.vue.service.JwtService        [0;39m [2m:[0;39m jwt : eyJ0eXAiOiJKV1QiLCJhbGciOiJIUzI1NiJ9.eyJzdWIiOiLroZzqt7jsnbjthqDtgbAiLCJleHAiOjE2MjE4NzQ4OTEsInVzZXIiOnsidXNlcmlkIjoidGVzdDIiLCJ1c2VybmFtZSI6InRlc3QyIiwidXNlcnB3ZCI6bnVsbCwicGhvbmUiOiJ0ZXN0QHNzYWZ5IiwiZW1haWwiOiIwMTAtMDAwMC0wMDAwIiwiam9pbmRhdGUiOjE2MjE3Njc1NzAwMDB9LCJncmVldGluZyI6Iu2ZmOyYge2VqeuLiOuLpC4gdGVzdDIifQ.AmW_Lx1tbbHZjpeAy2oVIFB8Uoi6kjflKMzHvvMZAOQ
[2m2021-05-25 01:44:06.722[0;39m [32mDEBUG[0;39m [35m9756[0;39m [2m---[0;39m [2m[nio-9999-exec-5][0;39m [36mc.ssafy.vue.controller.BoardController  [0;39m [2m:[0;39m retrieveBoard - í˜¸ì¶œ
[2m2021-05-25 01:44:08.304[0;39m [32mDEBUG[0;39m [35m9756[0;39m [2m---[0;39m [2m[nio-9999-exec-6][0;39m [36mc.ssafy.vue.controller.BoardController  [0;39m [2m:[0;39m detailBoard - í˜¸ì¶œ
[2m2021-05-25 01:44:59.603[0;39m [32mDEBUG[0;39m [35m9756[0;39m [2m---[0;39m [2m[nio-9999-exec-9][0;39m [36mc.ssafy.vue.controller.BoardController  [0;39m [2m:[0;39m writeBoard - í˜¸ì¶œ
[2m2021-05-25 01:45:06.417[0;39m [32mDEBUG[0;39m [35m9756[0;39m [2m---[0;39m [2m[io-9999-exec-10][0;39m [36mc.ssafy.vue.controller.BoardController  [0;39m [2m:[0;39m retrieveBoard - í˜¸ì¶œ
[2m2021-05-25 01:45:06.678[0;39m [32mDEBUG[0;39m [35m9756[0;39m [2m---[0;39m [2m[nio-9999-exec-2][0;39m [36mc.ssafy.vue.controller.BoardController  [0;39m [2m:[0;39m retrieveBoard - í˜¸ì¶œ
[2m2021-05-25 01:45:07.855[0;39m [32mDEBUG[0;39m [35m9756[0;39m [2m---[0;39m [2m[nio-9999-exec-1][0;39m [36mc.ssafy.vue.controller.BoardController  [0;39m [2m:[0;39m detailBoard - í˜¸ì¶œ
[2m2021-05-25 01:45:23.576[0;39m [32mDEBUG[0;39m [35m9756[0;39m [2m---[0;39m [2m[nio-9999-exec-3][0;39m [36mc.ssafy.vue.controller.BoardController  [0;39m [2m:[0;39m detailBoard - í˜¸ì¶œ
[2m2021-05-25 01:45:24.693[0;39m [32mDEBUG[0;39m [35m9756[0;39m [2m---[0;39m [2m[nio-9999-exec-5][0;39m [36mc.ssafy.vue.controller.BoardController  [0;39m [2m:[0;39m detailBoard - í˜¸ì¶œ
[2m2021-05-25 01:45:27.419[0;39m [32mDEBUG[0;39m [35m9756[0;39m [2m---[0;39m [2m[nio-9999-exec-6][0;39m [36mc.ssafy.vue.controller.BoardController  [0;39m [2m:[0;39m detailBoard - í˜¸ì¶œ
[2m2021-05-25 01:45:28.597[0;39m [32mDEBUG[0;39m [35m9756[0;39m [2m---[0;39m [2m[nio-9999-exec-7][0;39m [36mc.ssafy.vue.controller.BoardController  [0;39m [2m:[0;39m detailBoard - í˜¸ì¶œ
[2m2021-05-25 01:45:32.941[0;39m [32mDEBUG[0;39m [35m9756[0;39m [2m---[0;39m [2m[nio-9999-exec-9][0;39m [36mc.ssafy.vue.controller.BoardController  [0;39m [2m:[0;39m detailBoard - í˜¸ì¶œ
[2m2021-05-25 01:45:33.711[0;39m [32mDEBUG[0;39m [35m9756[0;39m [2m---[0;39m [2m[io-9999-exec-10][0;39m [36mc.ssafy.vue.controller.BoardController  [0;39m [2m:[0;39m detailBoard - í˜¸ì¶œ
[2m2021-05-25 01:46:24.532[0;39m [32m INFO[0;39m [35m9756[0;39m [2m---[0;39m [2m[nio-9999-exec-5][0;39m [36mcom.ssafy.vue.service.JwtService        [0;39m [2m:[0;39m claims : header={typ=JWT, alg=HS256},body={sub=ë¡œê·¸ì¸í† í°, exp=1621874891, user={userid=test2, username=test2, userpwd=null, phone=test@ssafy, email=010-0000-0000, joindate=1621767570000}, greeting=í™˜ì˜í•©ë‹ˆë‹¤. test2},signature=AmW_Lx1tbbHZjpeAy2oVIFB8Uoi6kjflKMzHvvMZAOQ
[2m2021-05-25 01:46:24.538[0;39m [32m INFO[0;39m [35m9756[0;39m [2m---[0;39m [2m[nio-9999-exec-5][0;39m [36mcom.ssafy.vue.service.JwtService        [0;39m [2m:[0;39m claims : header={typ=JWT, alg=HS256},body={sub=ë¡œê·¸ì¸í† í°, exp=1621874891, user={userid=test2, username=test2, userpwd=null, phone=test@ssafy, email=010-0000-0000, joindate=1621767570000}, greeting=í™˜ì˜í•©ë‹ˆë‹¤. test2},signature=AmW_Lx1tbbHZjpeAy2oVIFB8Uoi6kjflKMzHvvMZAOQ
[2m2021-05-25 02:12:59.428[0;39m [33m WARN[0;39m [35m9756[0;39m [2m---[0;39m [2m[l-1 housekeeper][0;39m [36mcom.zaxxer.hikari.pool.HikariPool       [0;39m [2m:[0;39m HikariPool-1 - Thread starvation or clock leap detected (housekeeper delta=45s992ms413Âµs).
[2m2021-05-25 02:25:23.051[0;39m [32m INFO[0;39m [35m9756[0;39m [2m---[0;39m [2m[on(5)-127.0.0.1][0;39m [36minMXBeanRegistrar$SpringApplicationAdmin[0;39m [2m:[0;39m Application shutdown requested.
[2m2021-05-25 02:25:23.051[0;39m [32m INFO[0;39m [35m9756[0;39m [2m---[0;39m [2m[on(4)-127.0.0.1][0;39m [36minMXBeanRegistrar$SpringApplicationAdmin[0;39m [2m:[0;39m Application shutdown requested.
[2m2021-05-25 02:25:23.051[0;39m [32m INFO[0;39m [35m9756[0;39m [2m---[0;39m [2m[on(3)-127.0.0.1][0;39m [36minMXBeanRegistrar$SpringApplicationAdmin[0;39m [2m:[0;39m Application shutdown requested.
[2m2021-05-25 02:26:25.902[0;39m [32m INFO[0;39m [35m9756[0;39m [2m---[0;39m [2m[on(3)-127.0.0.1][0;39m [36mo.s.s.concurrent.ThreadPoolTaskExecutor [0;39m [2m:[0;39m Shutting down ExecutorService 'applicationTaskExecutor'
=======
[2m2021-05-25 00:01:00.527[0;39m [32mDEBUG[0;39m [35m3708[0;39m [2m---[0;39m [2m[nio-9999-exec-1][0;39m [36mc.ssafy.vue.controller.BoardController  [0;39m [2m:[0;39m retrieveBoard - í˜¸ì¶œ
[2m2021-05-25 00:01:00.551[0;39m [32mDEBUG[0;39m [35m3708[0;39m [2m---[0;39m [2m[nio-9999-exec-8][0;39m [36mc.ssafy.vue.controller.BoardController  [0;39m [2m:[0;39m retrieveBoard - í˜¸ì¶œ
[2m2021-05-25 00:01:04.357[0;39m [32mDEBUG[0;39m [35m3708[0;39m [2m---[0;39m [2m[nio-9999-exec-5][0;39m [36mc.ssafy.vue.controller.BoardController  [0;39m [2m:[0;39m retrieveBoard - í˜¸ì¶œ
[2m2021-05-25 00:01:20.059[0;39m [32mDEBUG[0;39m [35m3708[0;39m [2m---[0;39m [2m[nio-9999-exec-4][0;39m [36mc.ssafy.vue.controller.BoardController  [0;39m [2m:[0;39m retrieveBoard - í˜¸ì¶œ
[2m2021-05-25 00:01:20.070[0;39m [32mDEBUG[0;39m [35m3708[0;39m [2m---[0;39m [2m[nio-9999-exec-6][0;39m [36mc.ssafy.vue.controller.BoardController  [0;39m [2m:[0;39m retrieveBoard - í˜¸ì¶œ
[2m2021-05-25 00:01:25.186[0;39m [32mDEBUG[0;39m [35m3708[0;39m [2m---[0;39m [2m[io-9999-exec-10][0;39m [36mc.ssafy.vue.controller.BoardController  [0;39m [2m:[0;39m retrieveBoard - í˜¸ì¶œ
[2m2021-05-25 00:01:54.618[0;39m [32mDEBUG[0;39m [35m3708[0;39m [2m---[0;39m [2m[nio-9999-exec-7][0;39m [36mc.ssafy.vue.controller.BoardController  [0;39m [2m:[0;39m retrieveBoard - í˜¸ì¶œ
[2m2021-05-25 00:02:04.234[0;39m [32mDEBUG[0;39m [35m3708[0;39m [2m---[0;39m [2m[nio-9999-exec-3][0;39m [36mc.ssafy.vue.controller.BoardController  [0;39m [2m:[0;39m retrieveBoard - í˜¸ì¶œ
[2m2021-05-25 00:03:13.438[0;39m [32mDEBUG[0;39m [35m3708[0;39m [2m---[0;39m [2m[nio-9999-exec-8][0;39m [36mc.ssafy.vue.controller.HouseController  [0;39m [2m:[0;39m êµ¬ ëª©ë¡ í˜¸ì¶œ~
[2m2021-05-25 00:03:13.533[0;39m [32mDEBUG[0;39m [35m3708[0;39m [2m---[0;39m [2m[nio-9999-exec-5][0;39m [36mc.ssafy.vue.controller.BoardController  [0;39m [2m:[0;39m retrieveBoard - í˜¸ì¶œ
[2m2021-05-25 00:03:14.834[0;39m [32mDEBUG[0;39m [35m3708[0;39m [2m---[0;39m [2m[nio-9999-exec-4][0;39m [36mc.ssafy.vue.controller.HouseController  [0;39m [2m:[0;39m êµ¬ ëª©ë¡ í˜¸ì¶œ~
[2m2021-05-25 00:03:15.061[0;39m [32mDEBUG[0;39m [35m3708[0;39m [2m---[0;39m [2m[nio-9999-exec-6][0;39m [36mc.ssafy.vue.controller.HouseController  [0;39m [2m:[0;39m êµ¬ ëª©ë¡ í˜¸ì¶œ~
[2m2021-05-25 00:03:15.339[0;39m [32mDEBUG[0;39m [35m3708[0;39m [2m---[0;39m [2m[io-9999-exec-10][0;39m [36mc.ssafy.vue.controller.BoardController  [0;39m [2m:[0;39m retrieveBoard - í˜¸ì¶œ
[2m2021-05-25 00:03:15.402[0;39m [32mDEBUG[0;39m [35m3708[0;39m [2m---[0;39m [2m[nio-9999-exec-7][0;39m [36mc.ssafy.vue.controller.HouseController  [0;39m [2m:[0;39m êµ¬ ëª©ë¡ í˜¸ì¶œ~
[2m2021-05-25 00:03:19.406[0;39m [32mDEBUG[0;39m [35m3708[0;39m [2m---[0;39m [2m[nio-9999-exec-9][0;39m [36mc.ssafy.vue.controller.BoardController  [0;39m [2m:[0;39m retrieveBoard - í˜¸ì¶œ
[2m2021-05-25 00:08:08.444[0;39m [32mDEBUG[0;39m [35m3708[0;39m [2m---[0;39m [2m[nio-9999-exec-3][0;39m [36mc.ssafy.vue.controller.BoardController  [0;39m [2m:[0;39m retrieveBoard - í˜¸ì¶œ
[2m2021-05-25 00:08:08.842[0;39m [32mDEBUG[0;39m [35m3708[0;39m [2m---[0;39m [2m[nio-9999-exec-1][0;39m [36mc.ssafy.vue.controller.HouseController  [0;39m [2m:[0;39m êµ¬ ëª©ë¡ í˜¸ì¶œ~
[2m2021-05-25 00:08:09.576[0;39m [32mDEBUG[0;39m [35m3708[0;39m [2m---[0;39m [2m[nio-9999-exec-8][0;39m [36mc.ssafy.vue.controller.HouseController  [0;39m [2m:[0;39m êµ¬ ëª©ë¡ í˜¸ì¶œ~
[2m2021-05-25 00:08:09.634[0;39m [32mDEBUG[0;39m [35m3708[0;39m [2m---[0;39m [2m[nio-9999-exec-5][0;39m [36mc.ssafy.vue.controller.HouseController  [0;39m [2m:[0;39m êµ¬ ëª©ë¡ í˜¸ì¶œ~
[2m2021-05-25 00:08:09.783[0;39m [32mDEBUG[0;39m [35m3708[0;39m [2m---[0;39m [2m[nio-9999-exec-4][0;39m [36mc.ssafy.vue.controller.BoardController  [0;39m [2m:[0;39m retrieveBoard - í˜¸ì¶œ
[2m2021-05-25 00:08:13.771[0;39m [32mDEBUG[0;39m [35m3708[0;39m [2m---[0;39m [2m[nio-9999-exec-6][0;39m [36mc.ssafy.vue.controller.BoardController  [0;39m [2m:[0;39m retrieveBoard - í˜¸ì¶œ
[2m2021-05-25 00:08:44.617[0;39m [32mDEBUG[0;39m [35m3708[0;39m [2m---[0;39m [2m[io-9999-exec-10][0;39m [36mc.ssafy.vue.controller.BoardController  [0;39m [2m:[0;39m retrieveBoard - í˜¸ì¶œ
[2m2021-05-25 00:08:45.040[0;39m [32mDEBUG[0;39m [35m3708[0;39m [2m---[0;39m [2m[nio-9999-exec-7][0;39m [36mc.ssafy.vue.controller.HouseController  [0;39m [2m:[0;39m êµ¬ ëª©ë¡ í˜¸ì¶œ~
[2m2021-05-25 00:08:45.754[0;39m [32mDEBUG[0;39m [35m3708[0;39m [2m---[0;39m [2m[nio-9999-exec-9][0;39m [36mc.ssafy.vue.controller.HouseController  [0;39m [2m:[0;39m êµ¬ ëª©ë¡ í˜¸ì¶œ~
[2m2021-05-25 00:08:45.771[0;39m [32mDEBUG[0;39m [35m3708[0;39m [2m---[0;39m [2m[nio-9999-exec-2][0;39m [36mc.ssafy.vue.controller.HouseController  [0;39m [2m:[0;39m êµ¬ ëª©ë¡ í˜¸ì¶œ~
[2m2021-05-25 00:08:45.805[0;39m [32mDEBUG[0;39m [35m3708[0;39m [2m---[0;39m [2m[nio-9999-exec-3][0;39m [36mc.ssafy.vue.controller.BoardController  [0;39m [2m:[0;39m retrieveBoard - í˜¸ì¶œ
[2m2021-05-25 00:08:56.529[0;39m [32mDEBUG[0;39m [35m3708[0;39m [2m---[0;39m [2m[nio-9999-exec-1][0;39m [36mc.ssafy.vue.controller.BoardController  [0;39m [2m:[0;39m retrieveBoard - í˜¸ì¶œ
[2m2021-05-25 00:08:57.042[0;39m [32mDEBUG[0;39m [35m3708[0;39m [2m---[0;39m [2m[nio-9999-exec-8][0;39m [36mc.ssafy.vue.controller.HouseController  [0;39m [2m:[0;39m êµ¬ ëª©ë¡ í˜¸ì¶œ~
[2m2021-05-25 00:08:57.658[0;39m [32mDEBUG[0;39m [35m3708[0;39m [2m---[0;39m [2m[nio-9999-exec-5][0;39m [36mc.ssafy.vue.controller.HouseController  [0;39m [2m:[0;39m êµ¬ ëª©ë¡ í˜¸ì¶œ~
[2m2021-05-25 00:08:57.759[0;39m [32mDEBUG[0;39m [35m3708[0;39m [2m---[0;39m [2m[nio-9999-exec-4][0;39m [36mc.ssafy.vue.controller.HouseController  [0;39m [2m:[0;39m êµ¬ ëª©ë¡ í˜¸ì¶œ~
[2m2021-05-25 00:08:57.816[0;39m [32mDEBUG[0;39m [35m3708[0;39m [2m---[0;39m [2m[nio-9999-exec-6][0;39m [36mc.ssafy.vue.controller.BoardController  [0;39m [2m:[0;39m retrieveBoard - í˜¸ì¶œ
[2m2021-05-25 00:13:54.154[0;39m [32mDEBUG[0;39m [35m3708[0;39m [2m---[0;39m [2m[nio-9999-exec-7][0;39m [36mc.ssafy.vue.controller.BoardController  [0;39m [2m:[0;39m retrieveBoard - í˜¸ì¶œ
[2m2021-05-25 00:13:54.714[0;39m [32mDEBUG[0;39m [35m3708[0;39m [2m---[0;39m [2m[nio-9999-exec-9][0;39m [36mc.ssafy.vue.controller.HouseController  [0;39m [2m:[0;39m êµ¬ ëª©ë¡ í˜¸ì¶œ~
[2m2021-05-25 00:13:55.401[0;39m [32mDEBUG[0;39m [35m3708[0;39m [2m---[0;39m [2m[nio-9999-exec-2][0;39m [36mc.ssafy.vue.controller.HouseController  [0;39m [2m:[0;39m êµ¬ ëª©ë¡ í˜¸ì¶œ~
[2m2021-05-25 00:13:55.455[0;39m [32mDEBUG[0;39m [35m3708[0;39m [2m---[0;39m [2m[nio-9999-exec-3][0;39m [36mc.ssafy.vue.controller.HouseController  [0;39m [2m:[0;39m êµ¬ ëª©ë¡ í˜¸ì¶œ~
[2m2021-05-25 00:13:55.620[0;39m [32mDEBUG[0;39m [35m3708[0;39m [2m---[0;39m [2m[nio-9999-exec-1][0;39m [36mc.ssafy.vue.controller.BoardController  [0;39m [2m:[0;39m retrieveBoard - í˜¸ì¶œ
[2m2021-05-25 00:14:03.163[0;39m [32mDEBUG[0;39m [35m3708[0;39m [2m---[0;39m [2m[nio-9999-exec-8][0;39m [36mc.ssafy.vue.controller.BoardController  [0;39m [2m:[0;39m retrieveBoard - í˜¸ì¶œ
[2m2021-05-25 00:14:17.060[0;39m [32mDEBUG[0;39m [35m3708[0;39m [2m---[0;39m [2m[nio-9999-exec-5][0;39m [36mc.ssafy.vue.controller.BoardController  [0;39m [2m:[0;39m retrieveBoard - í˜¸ì¶œ
[2m2021-05-25 00:14:17.094[0;39m [32mDEBUG[0;39m [35m3708[0;39m [2m---[0;39m [2m[nio-9999-exec-4][0;39m [36mc.ssafy.vue.controller.BoardController  [0;39m [2m:[0;39m retrieveBoard - í˜¸ì¶œ
[2m2021-05-25 00:14:21.263[0;39m [32mDEBUG[0;39m [35m3708[0;39m [2m---[0;39m [2m[nio-9999-exec-6][0;39m [36mc.ssafy.vue.controller.BoardController  [0;39m [2m:[0;39m retrieveBoard - í˜¸ì¶œ
[2m2021-05-25 00:19:21.649[0;39m [32mDEBUG[0;39m [35m3708[0;39m [2m---[0;39m [2m[nio-9999-exec-7][0;39m [36mc.ssafy.vue.controller.BoardController  [0;39m [2m:[0;39m retrieveBoard - í˜¸ì¶œ
[2m2021-05-25 00:19:49.121[0;39m [32mDEBUG[0;39m [35m3708[0;39m [2m---[0;39m [2m[nio-9999-exec-9][0;39m [36mc.ssafy.vue.controller.BoardController  [0;39m [2m:[0;39m retrieveBoard - í˜¸ì¶œ
[2m2021-05-25 00:20:23.653[0;39m [32mDEBUG[0;39m [35m3708[0;39m [2m---[0;39m [2m[nio-9999-exec-2][0;39m [36mc.ssafy.vue.controller.BoardController  [0;39m [2m:[0;39m retrieveBoard - í˜¸ì¶œ
[2m2021-05-25 00:21:47.323[0;39m [32mDEBUG[0;39m [35m3708[0;39m [2m---[0;39m [2m[nio-9999-exec-1][0;39m [36mc.ssafy.vue.controller.BoardController  [0;39m [2m:[0;39m retrieveBoard - í˜¸ì¶œ
[2m2021-05-25 00:21:51.554[0;39m [32mDEBUG[0;39m [35m3708[0;39m [2m---[0;39m [2m[nio-9999-exec-8][0;39m [36mc.ssafy.vue.controller.BoardController  [0;39m [2m:[0;39m retrieveBoard - í˜¸ì¶œ
[2m2021-05-25 00:23:11.263[0;39m [32mDEBUG[0;39m [35m3708[0;39m [2m---[0;39m [2m[nio-9999-exec-4][0;39m [36mc.ssafy.vue.controller.BoardController  [0;39m [2m:[0;39m retrieveBoard - í˜¸ì¶œ
[2m2021-05-25 00:23:15.820[0;39m [32mDEBUG[0;39m [35m3708[0;39m [2m---[0;39m [2m[nio-9999-exec-6][0;39m [36mc.ssafy.vue.controller.BoardController  [0;39m [2m:[0;39m retrieveBoard - í˜¸ì¶œ
[2m2021-05-25 00:23:38.326[0;39m [32mDEBUG[0;39m [35m3708[0;39m [2m---[0;39m [2m[io-9999-exec-10][0;39m [36mc.ssafy.vue.controller.BoardController  [0;39m [2m:[0;39m retrieveBoard - í˜¸ì¶œ
[2m2021-05-25 00:24:52.636[0;39m [32mDEBUG[0;39m [35m3708[0;39m [2m---[0;39m [2m[nio-9999-exec-9][0;39m [36mc.ssafy.vue.controller.BoardController  [0;39m [2m:[0;39m retrieveBoard - í˜¸ì¶œ
[2m2021-05-25 00:24:56.345[0;39m [32mDEBUG[0;39m [35m3708[0;39m [2m---[0;39m [2m[nio-9999-exec-2][0;39m [36mc.ssafy.vue.controller.BoardController  [0;39m [2m:[0;39m retrieveBoard - í˜¸ì¶œ
[2m2021-05-25 00:28:49.144[0;39m [32mDEBUG[0;39m [35m3708[0;39m [2m---[0;39m [2m[nio-9999-exec-1][0;39m [36mc.ssafy.vue.controller.HouseController  [0;39m [2m:[0;39m êµ¬ ëª©ë¡ í˜¸ì¶œ~
[2m2021-05-25 00:28:49.688[0;39m [32mDEBUG[0;39m [35m3708[0;39m [2m---[0;39m [2m[nio-9999-exec-8][0;39m [36mc.ssafy.vue.controller.HouseController  [0;39m [2m:[0;39m êµ¬ ëª©ë¡ í˜¸ì¶œ~
[2m2021-05-25 00:28:49.743[0;39m [32mDEBUG[0;39m [35m3708[0;39m [2m---[0;39m [2m[nio-9999-exec-5][0;39m [36mc.ssafy.vue.controller.HouseController  [0;39m [2m:[0;39m êµ¬ ëª©ë¡ í˜¸ì¶œ~
[2m2021-05-25 00:29:38.635[0;39m [32mDEBUG[0;39m [35m3708[0;39m [2m---[0;39m [2m[nio-9999-exec-4][0;39m [36mc.ssafy.vue.controller.HouseController  [0;39m [2m:[0;39m êµ¬ ëª©ë¡ í˜¸ì¶œ~
[2m2021-05-25 00:29:39.357[0;39m [32mDEBUG[0;39m [35m3708[0;39m [2m---[0;39m [2m[nio-9999-exec-6][0;39m [36mc.ssafy.vue.controller.HouseController  [0;39m [2m:[0;39m êµ¬ ëª©ë¡ í˜¸ì¶œ~
[2m2021-05-25 00:29:39.502[0;39m [32mDEBUG[0;39m [35m3708[0;39m [2m---[0;39m [2m[io-9999-exec-10][0;39m [36mc.ssafy.vue.controller.HouseController  [0;39m [2m:[0;39m êµ¬ ëª©ë¡ í˜¸ì¶œ~
[2m2021-05-25 00:30:29.693[0;39m [32mDEBUG[0;39m [35m3708[0;39m [2m---[0;39m [2m[nio-9999-exec-7][0;39m [36mc.ssafy.vue.controller.HouseController  [0;39m [2m:[0;39m êµ¬ ëª©ë¡ í˜¸ì¶œ~
[2m2021-05-25 00:30:30.257[0;39m [32mDEBUG[0;39m [35m3708[0;39m [2m---[0;39m [2m[nio-9999-exec-9][0;39m [36mc.ssafy.vue.controller.HouseController  [0;39m [2m:[0;39m êµ¬ ëª©ë¡ í˜¸ì¶œ~
[2m2021-05-25 00:30:30.300[0;39m [32mDEBUG[0;39m [35m3708[0;39m [2m---[0;39m [2m[nio-9999-exec-2][0;39m [36mc.ssafy.vue.controller.HouseController  [0;39m [2m:[0;39m êµ¬ ëª©ë¡ í˜¸ì¶œ~
[2m2021-05-25 00:31:02.925[0;39m [31mERROR[0;39m [35m3708[0;39m [2m---[0;39m [2m[nio-9999-exec-8][0;39m [36mo.a.c.c.C.[.[.[.[dispatcherServlet]     [0;39m [2m:[0;39m Servlet.service() for servlet [dispatcherServlet] in context with path [/vue] threw exception [Request processing failed; nested exception is java.lang.RuntimeException] with root cause

java.lang.RuntimeException: null
	at com.ssafy.vue.service.JwtService.get(JwtService.java:73)
	at com.ssafy.vue.controller.MemberController.getInfo(MemberController.java:131)
	at sun.reflect.NativeMethodAccessorImpl.invoke0(Native Method)
	at sun.reflect.NativeMethodAccessorImpl.invoke(NativeMethodAccessorImpl.java:62)
	at sun.reflect.DelegatingMethodAccessorImpl.invoke(DelegatingMethodAccessorImpl.java:43)
	at java.lang.reflect.Method.invoke(Method.java:498)
	at org.springframework.web.method.support.InvocableHandlerMethod.doInvoke(InvocableHandlerMethod.java:190)
	at org.springframework.web.method.support.InvocableHandlerMethod.invokeForRequest(InvocableHandlerMethod.java:138)
	at org.springframework.web.servlet.mvc.method.annotation.ServletInvocableHandlerMethod.invokeAndHandle(ServletInvocableHandlerMethod.java:105)
	at org.springframework.web.servlet.mvc.method.annotation.RequestMappingHandlerAdapter.invokeHandlerMethod(RequestMappingHandlerAdapter.java:878)
	at org.springframework.web.servlet.mvc.method.annotation.RequestMappingHandlerAdapter.handleInternal(RequestMappingHandlerAdapter.java:792)
	at org.springframework.web.servlet.mvc.method.AbstractHandlerMethodAdapter.handle(AbstractHandlerMethodAdapter.java:87)
	at org.springframework.web.servlet.DispatcherServlet.doDispatch(DispatcherServlet.java:1040)
	at org.springframework.web.servlet.DispatcherServlet.doService(DispatcherServlet.java:943)
	at org.springframework.web.servlet.FrameworkServlet.processRequest(FrameworkServlet.java:1006)
	at org.springframework.web.servlet.FrameworkServlet.doGet(FrameworkServlet.java:898)
	at javax.servlet.http.HttpServlet.service(HttpServlet.java:626)
	at org.springframework.web.servlet.FrameworkServlet.service(FrameworkServlet.java:883)
	at javax.servlet.http.HttpServlet.service(HttpServlet.java:733)
	at org.apache.catalina.core.ApplicationFilterChain.internalDoFilter(ApplicationFilterChain.java:231)
	at org.apache.catalina.core.ApplicationFilterChain.doFilter(ApplicationFilterChain.java:166)
	at org.apache.tomcat.websocket.server.WsFilter.doFilter(WsFilter.java:53)
	at org.apache.catalina.core.ApplicationFilterChain.internalDoFilter(ApplicationFilterChain.java:193)
	at org.apache.catalina.core.ApplicationFilterChain.doFilter(ApplicationFilterChain.java:166)
	at org.springframework.web.filter.RequestContextFilter.doFilterInternal(RequestContextFilter.java:100)
	at org.springframework.web.filter.OncePerRequestFilter.doFilter(OncePerRequestFilter.java:119)
	at org.apache.catalina.core.ApplicationFilterChain.internalDoFilter(ApplicationFilterChain.java:193)
	at org.apache.catalina.core.ApplicationFilterChain.doFilter(ApplicationFilterChain.java:166)
	at org.springframework.web.filter.FormContentFilter.doFilterInternal(FormContentFilter.java:93)
	at org.springframework.web.filter.OncePerRequestFilter.doFilter(OncePerRequestFilter.java:119)
	at org.apache.catalina.core.ApplicationFilterChain.internalDoFilter(ApplicationFilterChain.java:193)
	at org.apache.catalina.core.ApplicationFilterChain.doFilter(ApplicationFilterChain.java:166)
	at org.springframework.web.filter.CharacterEncodingFilter.doFilterInternal(CharacterEncodingFilter.java:201)
	at org.springframework.web.filter.OncePerRequestFilter.doFilter(OncePerRequestFilter.java:119)
	at org.apache.catalina.core.ApplicationFilterChain.internalDoFilter(ApplicationFilterChain.java:193)
	at org.apache.catalina.core.ApplicationFilterChain.doFilter(ApplicationFilterChain.java:166)
	at org.apache.catalina.core.StandardWrapperValve.invoke(StandardWrapperValve.java:202)
	at org.apache.catalina.core.StandardContextValve.invoke(StandardContextValve.java:97)
	at org.apache.catalina.authenticator.AuthenticatorBase.invoke(AuthenticatorBase.java:542)
	at org.apache.catalina.core.StandardHostValve.invoke(StandardHostValve.java:143)
	at org.apache.catalina.valves.ErrorReportValve.invoke(ErrorReportValve.java:92)
	at org.apache.catalina.core.StandardEngineValve.invoke(StandardEngineValve.java:78)
	at org.apache.catalina.connector.CoyoteAdapter.service(CoyoteAdapter.java:343)
	at org.apache.coyote.http11.Http11Processor.service(Http11Processor.java:374)
	at org.apache.coyote.AbstractProcessorLight.process(AbstractProcessorLight.java:65)
	at org.apache.coyote.AbstractProtocol$ConnectionHandler.process(AbstractProtocol.java:868)
	at org.apache.tomcat.util.net.NioEndpoint$SocketProcessor.doRun(NioEndpoint.java:1590)
	at org.apache.tomcat.util.net.SocketProcessorBase.run(SocketProcessorBase.java:49)
	at java.util.concurrent.ThreadPoolExecutor.runWorker(ThreadPoolExecutor.java:1149)
	at java.util.concurrent.ThreadPoolExecutor$Worker.run(ThreadPoolExecutor.java:624)
	at org.apache.tomcat.util.threads.TaskThread$WrappingRunnable.run(TaskThread.java:61)
	at java.lang.Thread.run(Thread.java:748)

[2m2021-05-25 00:31:11.306[0;39m [32m INFO[0;39m [35m3708[0;39m [2m---[0;39m [2m[nio-9999-exec-5][0;39m [36mcom.ssafy.vue.service.JwtService        [0;39m [2m:[0;39m jwt : eyJ0eXAiOiJKV1QiLCJhbGciOiJIUzI1NiJ9.eyJzdWIiOiLroZzqt7jsnbjthqDtgbAiLCJleHAiOjE2MjE4NzA1NzEsInVzZXIiOnsidXNlcmlkIjoiYWIiLCJ1c2VybmFtZSI6Impvb24iLCJ1c2VycHdkIjpudWxsLCJwaG9uZSI6ImRmQG5hdmVyLmNvbSIsImVtYWlsIjoiMTMiLCJqb2luZGF0ZSI6MTYyMTgyODU1NzAwMH0sImdyZWV0aW5nIjoi7ZmY7JiB7ZWp64uI64ukLiBhYiJ9.ptrgPw21rfJW6jgYmbVHCu9haA1XstzDsoaecvn1m_k
[2m2021-05-25 00:31:40.850[0;39m [32mDEBUG[0;39m [35m3708[0;39m [2m---[0;39m [2m[nio-9999-exec-4][0;39m [36mc.ssafy.vue.controller.HouseController  [0;39m [2m:[0;39m êµ¬ ëª©ë¡ í˜¸ì¶œ~
[2m2021-05-25 00:31:41.388[0;39m [32mDEBUG[0;39m [35m3708[0;39m [2m---[0;39m [2m[nio-9999-exec-6][0;39m [36mc.ssafy.vue.controller.HouseController  [0;39m [2m:[0;39m êµ¬ ëª©ë¡ í˜¸ì¶œ~
[2m2021-05-25 00:31:41.426[0;39m [32mDEBUG[0;39m [35m3708[0;39m [2m---[0;39m [2m[io-9999-exec-10][0;39m [36mc.ssafy.vue.controller.HouseController  [0;39m [2m:[0;39m êµ¬ ëª©ë¡ í˜¸ì¶œ~
[2m2021-05-25 00:31:45.389[0;39m [32mDEBUG[0;39m [35m3708[0;39m [2m---[0;39m [2m[nio-9999-exec-7][0;39m [36mc.ssafy.vue.controller.BoardController  [0;39m [2m:[0;39m retrieveBoard - í˜¸ì¶œ
[2m2021-05-25 00:33:13.360[0;39m [32mDEBUG[0;39m [35m3708[0;39m [2m---[0;39m [2m[nio-9999-exec-2][0;39m [36mc.ssafy.vue.controller.HouseController  [0;39m [2m:[0;39m êµ¬ ëª©ë¡ í˜¸ì¶œ~
[2m2021-05-25 00:33:14.118[0;39m [32mDEBUG[0;39m [35m3708[0;39m [2m---[0;39m [2m[nio-9999-exec-3][0;39m [36mc.ssafy.vue.controller.HouseController  [0;39m [2m:[0;39m êµ¬ ëª©ë¡ í˜¸ì¶œ~
[2m2021-05-25 00:33:14.172[0;39m [32mDEBUG[0;39m [35m3708[0;39m [2m---[0;39m [2m[nio-9999-exec-1][0;39m [36mc.ssafy.vue.controller.HouseController  [0;39m [2m:[0;39m êµ¬ ëª©ë¡ í˜¸ì¶œ~
[2m2021-05-25 00:33:24.474[0;39m [32m INFO[0;39m [35m3708[0;39m [2m---[0;39m [2m[nio-9999-exec-8][0;39m [36mcom.ssafy.vue.service.JwtService        [0;39m [2m:[0;39m jwt : eyJ0eXAiOiJKV1QiLCJhbGciOiJIUzI1NiJ9.eyJzdWIiOiLroZzqt7jsnbjthqDtgbAiLCJleHAiOjE2MjE4NzA3MDQsInVzZXIiOnsidXNlcmlkIjoiYWIiLCJ1c2VybmFtZSI6Impvb24iLCJ1c2VycHdkIjpudWxsLCJwaG9uZSI6ImRmQG5hdmVyLmNvbSIsImVtYWlsIjoiMTMiLCJqb2luZGF0ZSI6MTYyMTgyODU1NzAwMH0sImdyZWV0aW5nIjoi7ZmY7JiB7ZWp64uI64ukLiBhYiJ9.KGBWX1JgseYh02CjWYTICYde0gvJmJHho_qUhJrZju8
[2m2021-05-25 00:34:34.734[0;39m [32mDEBUG[0;39m [35m3708[0;39m [2m---[0;39m [2m[nio-9999-exec-4][0;39m [36mc.ssafy.vue.controller.BoardController  [0;39m [2m:[0;39m retrieveBoard - í˜¸ì¶œ
[2m2021-05-25 00:35:53.809[0;39m [32mDEBUG[0;39m [35m3708[0;39m [2m---[0;39m [2m[io-9999-exec-10][0;39m [36mc.ssafy.vue.controller.BoardController  [0;39m [2m:[0;39m retrieveBoard - í˜¸ì¶œ
[2m2021-05-25 00:35:53.830[0;39m [32mDEBUG[0;39m [35m3708[0;39m [2m---[0;39m [2m[nio-9999-exec-7][0;39m [36mc.ssafy.vue.controller.HouseController  [0;39m [2m:[0;39m êµ¬ ëª©ë¡ í˜¸ì¶œ~
[2m2021-05-25 00:35:54.424[0;39m [32mDEBUG[0;39m [35m3708[0;39m [2m---[0;39m [2m[nio-9999-exec-9][0;39m [36mc.ssafy.vue.controller.HouseController  [0;39m [2m:[0;39m êµ¬ ëª©ë¡ í˜¸ì¶œ~
[2m2021-05-25 00:35:54.598[0;39m [32mDEBUG[0;39m [35m3708[0;39m [2m---[0;39m [2m[nio-9999-exec-2][0;39m [36mc.ssafy.vue.controller.HouseController  [0;39m [2m:[0;39m êµ¬ ëª©ë¡ í˜¸ì¶œ~
[2m2021-05-25 00:36:04.193[0;39m [32m INFO[0;39m [35m3708[0;39m [2m---[0;39m [2m[nio-9999-exec-3][0;39m [36mcom.ssafy.vue.service.JwtService        [0;39m [2m:[0;39m jwt : eyJ0eXAiOiJKV1QiLCJhbGciOiJIUzI1NiJ9.eyJzdWIiOiLroZzqt7jsnbjthqDtgbAiLCJleHAiOjE2MjE4NzA4NjQsInVzZXIiOnsidXNlcmlkIjoiYWIiLCJ1c2VybmFtZSI6Impvb24iLCJ1c2VycHdkIjpudWxsLCJwaG9uZSI6ImRmQG5hdmVyLmNvbSIsImVtYWlsIjoiMTMiLCJqb2luZGF0ZSI6MTYyMTgyODU1NzAwMH0sImdyZWV0aW5nIjoi7ZmY7JiB7ZWp64uI64ukLiBhYiJ9.IuL3GQZdh-Lwo0FwcGfC7Od-k26mytHAp8rAVz76qdo
[2m2021-05-25 00:37:02.684[0;39m [32mDEBUG[0;39m [35m3708[0;39m [2m---[0;39m [2m[nio-9999-exec-1][0;39m [36mc.ssafy.vue.controller.BoardController  [0;39m [2m:[0;39m retrieveBoard - í˜¸ì¶œ
[2m2021-05-25 00:56:30.023[0;39m [32mDEBUG[0;39m [35m3708[0;39m [2m---[0;39m [2m[nio-9999-exec-9][0;39m [36mc.ssafy.vue.controller.HouseController  [0;39m [2m:[0;39m êµ¬ ëª©ë¡ í˜¸ì¶œ~
[2m2021-05-25 01:01:18.367[0;39m [32mDEBUG[0;39m [35m3708[0;39m [2m---[0;39m [2m[nio-9999-exec-6][0;39m [36mc.ssafy.vue.controller.HouseController  [0;39m [2m:[0;39m êµ¬ ëª©ë¡ í˜¸ì¶œ~
[2m2021-05-25 01:01:21.860[0;39m [32mDEBUG[0;39m [35m3708[0;39m [2m---[0;39m [2m[nio-9999-exec-7][0;39m [36mc.ssafy.vue.controller.HouseController  [0;39m [2m:[0;39m êµ¬ ëª©ë¡ í˜¸ì¶œ~
[2m2021-05-25 01:01:46.088[0;39m [32mDEBUG[0;39m [35m3708[0;39m [2m---[0;39m [2m[io-9999-exec-10][0;39m [36mc.ssafy.vue.controller.HouseController  [0;39m [2m:[0;39m êµ¬ ëª©ë¡ í˜¸ì¶œ~
[2m2021-05-25 01:02:56.365[0;39m [32m INFO[0;39m [35m3708[0;39m [2m---[0;39m [2m[       Thread-5][0;39m [36mo.s.s.concurrent.ThreadPoolTaskExecutor [0;39m [2m:[0;39m Shutting down ExecutorService 'applicationTaskExecutor'
[2m2021-05-25 01:02:56.950[0;39m [32m INFO[0;39m [35m3708[0;39m [2m---[0;39m [2m[  restartedMain][0;39m [36mo.s.b.w.embedded.tomcat.TomcatWebServer [0;39m [2m:[0;39m Tomcat initialized with port(s): 9999 (http)
[2m2021-05-25 01:02:56.976[0;39m [32m INFO[0;39m [35m3708[0;39m [2m---[0;39m [2m[  restartedMain][0;39m [36mw.s.c.ServletWebServerApplicationContext[0;39m [2m:[0;39m Root WebApplicationContext: initialization completed in 474 ms
[2m2021-05-25 01:02:57.630[0;39m [32m INFO[0;39m [35m3708[0;39m [2m---[0;39m [2m[  restartedMain][0;39m [36mo.s.s.concurrent.ThreadPoolTaskExecutor [0;39m [2m:[0;39m Initializing ExecutorService 'applicationTaskExecutor'
[2m2021-05-25 01:02:57.651[0;39m [32m INFO[0;39m [35m3708[0;39m [2m---[0;39m [2m[  restartedMain][0;39m [36mo.s.b.d.a.OptionalLiveReloadServer      [0;39m [2m:[0;39m LiveReload server is running on port 35729
[2m2021-05-25 01:02:57.827[0;39m [32m INFO[0;39m [35m3708[0;39m [2m---[0;39m [2m[  restartedMain][0;39m [36mo.s.b.w.embedded.tomcat.TomcatWebServer [0;39m [2m:[0;39m Tomcat started on port(s): 9999 (http) with context path '/vue'
[2m2021-05-25 01:02:58.117[0;39m [32m INFO[0;39m [35m3708[0;39m [2m---[0;39m [2m[  restartedMain][0;39m [36m.ConditionEvaluationDeltaLoggingListener[0;39m [2m:[0;39m Condition evaluation unchanged
[2m2021-05-25 01:02:59.951[0;39m [32m INFO[0;39m [35m3708[0;39m [2m---[0;39m [2m[nio-9999-exec-1][0;39m [36mo.s.web.servlet.DispatcherServlet       [0;39m [2m:[0;39m Initializing Servlet 'dispatcherServlet'
[2m2021-05-25 01:02:59.961[0;39m [32m INFO[0;39m [35m3708[0;39m [2m---[0;39m [2m[nio-9999-exec-1][0;39m [36mo.s.web.servlet.DispatcherServlet       [0;39m [2m:[0;39m Completed initialization in 8 ms
[2m2021-05-25 01:02:59.964[0;39m [32mDEBUG[0;39m [35m3708[0;39m [2m---[0;39m [2m[nio-9999-exec-1][0;39m [36mc.ssafy.vue.controller.HouseController  [0;39m [2m:[0;39m êµ¬ ëª©ë¡ í˜¸ì¶œ~
[2m2021-05-25 01:03:57.087[0;39m [32m INFO[0;39m [35m3708[0;39m [2m---[0;39m [2m[       Thread-9][0;39m [36mo.s.s.concurrent.ThreadPoolTaskExecutor [0;39m [2m:[0;39m Shutting down ExecutorService 'applicationTaskExecutor'
[2m2021-05-25 01:03:57.552[0;39m [32m INFO[0;39m [35m3708[0;39m [2m---[0;39m [2m[  restartedMain][0;39m [36mo.s.b.w.embedded.tomcat.TomcatWebServer [0;39m [2m:[0;39m Tomcat initialized with port(s): 9999 (http)
[2m2021-05-25 01:03:57.561[0;39m [32m INFO[0;39m [35m3708[0;39m [2m---[0;39m [2m[  restartedMain][0;39m [36mw.s.c.ServletWebServerApplicationContext[0;39m [2m:[0;39m Root WebApplicationContext: initialization completed in 319 ms
[2m2021-05-25 01:03:57.753[0;39m [32m INFO[0;39m [35m3708[0;39m [2m---[0;39m [2m[  restartedMain][0;39m [36mo.s.s.concurrent.ThreadPoolTaskExecutor [0;39m [2m:[0;39m Initializing ExecutorService 'applicationTaskExecutor'
[2m2021-05-25 01:03:57.758[0;39m [32m INFO[0;39m [35m3708[0;39m [2m---[0;39m [2m[  restartedMain][0;39m [36mo.s.b.d.a.OptionalLiveReloadServer      [0;39m [2m:[0;39m LiveReload server is running on port 35729
[2m2021-05-25 01:03:57.804[0;39m [32m INFO[0;39m [35m3708[0;39m [2m---[0;39m [2m[  restartedMain][0;39m [36mo.s.b.w.embedded.tomcat.TomcatWebServer [0;39m [2m:[0;39m Tomcat started on port(s): 9999 (http) with context path '/vue'
[2m2021-05-25 01:03:57.880[0;39m [32m INFO[0;39m [35m3708[0;39m [2m---[0;39m [2m[  restartedMain][0;39m [36m.ConditionEvaluationDeltaLoggingListener[0;39m [2m:[0;39m Condition evaluation unchanged
[2m2021-05-25 01:04:04.204[0;39m [32m INFO[0;39m [35m3708[0;39m [2m---[0;39m [2m[nio-9999-exec-1][0;39m [36mo.s.web.servlet.DispatcherServlet       [0;39m [2m:[0;39m Initializing Servlet 'dispatcherServlet'
[2m2021-05-25 01:04:04.210[0;39m [32m INFO[0;39m [35m3708[0;39m [2m---[0;39m [2m[nio-9999-exec-1][0;39m [36mo.s.web.servlet.DispatcherServlet       [0;39m [2m:[0;39m Completed initialization in 5 ms
[2m2021-05-25 01:04:12.983[0;39m [32mDEBUG[0;39m [35m3708[0;39m [2m---[0;39m [2m[nio-9999-exec-4][0;39m [36mc.ssafy.vue.controller.HouseController  [0;39m [2m:[0;39m êµ¬ ëª©ë¡ í˜¸ì¶œ~
[2m2021-05-25 01:04:15.980[0;39m [31mERROR[0;39m [35m3708[0;39m [2m---[0;39m [2m[nio-9999-exec-7][0;39m [36mo.a.c.c.C.[.[.[.[dispatcherServlet]     [0;39m [2m:[0;39m Servlet.service() for servlet [dispatcherServlet] in context with path [/vue] threw exception [Request processing failed; nested exception is org.springframework.dao.DataIntegrityViolationException: Error attempting to get column 'lat' from result set.  Cause: java.sql.SQLDataException: Cannot determine value type from string 'ê³°ë‹¬ëž˜ë¡œ25ê¸¸'
; Cannot determine value type from string 'ê³°ë‹¬ëž˜ë¡œ25ê¸¸'; nested exception is java.sql.SQLDataException: Cannot determine value type from string 'ê³°ë‹¬ëž˜ë¡œ25ê¸¸'] with root cause

com.mysql.cj.exceptions.DataConversionException: Cannot determine value type from string 'ê³°ë‹¬ëž˜ë¡œ25ê¸¸'
	at com.mysql.cj.result.AbstractNumericValueFactory.createFromBytes(AbstractNumericValueFactory.java:66)
	at com.mysql.cj.protocol.a.MysqlTextValueDecoder.decodeByteArray(MysqlTextValueDecoder.java:134)
	at com.mysql.cj.protocol.result.AbstractResultsetRow.decodeAndCreateReturnValue(AbstractResultsetRow.java:133)
	at com.mysql.cj.protocol.result.AbstractResultsetRow.getValueFromBytes(AbstractResultsetRow.java:241)
	at com.mysql.cj.protocol.a.result.ByteArrayRow.getValue(ByteArrayRow.java:91)
	at com.mysql.cj.jdbc.result.ResultSetImpl.getObject(ResultSetImpl.java:1311)
	at com.mysql.cj.jdbc.result.ResultSetImpl.getDouble(ResultSetImpl.java:775)
	at com.mysql.cj.jdbc.result.ResultSetImpl.getDouble(ResultSetImpl.java:781)
	at com.zaxxer.hikari.pool.HikariProxyResultSet.getDouble(HikariProxyResultSet.java)
	at org.apache.ibatis.type.DoubleTypeHandler.getNullableResult(DoubleTypeHandler.java:37)
	at org.apache.ibatis.type.DoubleTypeHandler.getNullableResult(DoubleTypeHandler.java:26)
	at org.apache.ibatis.type.BaseTypeHandler.getResult(BaseTypeHandler.java:85)
	at org.apache.ibatis.executor.resultset.DefaultResultSetHandler.applyAutomaticMappings(DefaultResultSetHandler.java:560)
	at org.apache.ibatis.executor.resultset.DefaultResultSetHandler.getRowValue(DefaultResultSetHandler.java:402)
	at org.apache.ibatis.executor.resultset.DefaultResultSetHandler.handleRowValuesForSimpleResultMap(DefaultResultSetHandler.java:354)
	at org.apache.ibatis.executor.resultset.DefaultResultSetHandler.handleRowValues(DefaultResultSetHandler.java:328)
	at org.apache.ibatis.executor.resultset.DefaultResultSetHandler.handleResultSet(DefaultResultSetHandler.java:301)
	at org.apache.ibatis.executor.resultset.DefaultResultSetHandler.handleResultSets(DefaultResultSetHandler.java:194)
	at org.apache.ibatis.executor.statement.PreparedStatementHandler.query(PreparedStatementHandler.java:65)
	at org.apache.ibatis.executor.statement.RoutingStatementHandler.query(RoutingStatementHandler.java:79)
	at org.apache.ibatis.executor.SimpleExecutor.doQuery(SimpleExecutor.java:63)
	at org.apache.ibatis.executor.BaseExecutor.queryFromDatabase(BaseExecutor.java:325)
	at org.apache.ibatis.executor.BaseExecutor.query(BaseExecutor.java:156)
	at org.apache.ibatis.executor.CachingExecutor.query(CachingExecutor.java:109)
	at org.apache.ibatis.executor.CachingExecutor.query(CachingExecutor.java:89)
	at org.apache.ibatis.session.defaults.DefaultSqlSession.selectList(DefaultSqlSession.java:147)
	at org.apache.ibatis.session.defaults.DefaultSqlSession.selectList(DefaultSqlSession.java:140)
	at sun.reflect.GeneratedMethodAccessor158.invoke(Unknown Source)
	at sun.reflect.DelegatingMethodAccessorImpl.invoke(DelegatingMethodAccessorImpl.java:43)
	at java.lang.reflect.Method.invoke(Method.java:498)
	at org.mybatis.spring.SqlSessionTemplate$SqlSessionInterceptor.invoke(SqlSessionTemplate.java:426)
	at com.sun.proxy.$Proxy69.selectList(Unknown Source)
	at org.mybatis.spring.SqlSessionTemplate.selectList(SqlSessionTemplate.java:223)
	at org.apache.ibatis.binding.MapperMethod.executeForMany(MapperMethod.java:147)
	at org.apache.ibatis.binding.MapperMethod.execute(MapperMethod.java:80)
	at org.apache.ibatis.binding.MapperProxy$PlainMethodInvoker.invoke(MapperProxy.java:152)
	at org.apache.ibatis.binding.MapperProxy.invoke(MapperProxy.java:85)
	at com.sun.proxy.$Proxy128.getCulturalPlace(Unknown Source)
	at com.ssafy.vue.service.TownServiceImpl.getCulturalPlace(TownServiceImpl.java:33)
	at com.ssafy.vue.controller.TownController.getCulturalPlace(TownController.java:60)
	at sun.reflect.NativeMethodAccessorImpl.invoke0(Native Method)
	at sun.reflect.NativeMethodAccessorImpl.invoke(NativeMethodAccessorImpl.java:62)
	at sun.reflect.DelegatingMethodAccessorImpl.invoke(DelegatingMethodAccessorImpl.java:43)
	at java.lang.reflect.Method.invoke(Method.java:498)
	at org.springframework.web.method.support.InvocableHandlerMethod.doInvoke(InvocableHandlerMethod.java:190)
	at org.springframework.web.method.support.InvocableHandlerMethod.invokeForRequest(InvocableHandlerMethod.java:138)
	at org.springframework.web.servlet.mvc.method.annotation.ServletInvocableHandlerMethod.invokeAndHandle(ServletInvocableHandlerMethod.java:105)
	at org.springframework.web.servlet.mvc.method.annotation.RequestMappingHandlerAdapter.invokeHandlerMethod(RequestMappingHandlerAdapter.java:878)
	at org.springframework.web.servlet.mvc.method.annotation.RequestMappingHandlerAdapter.handleInternal(RequestMappingHandlerAdapter.java:792)
	at org.springframework.web.servlet.mvc.method.AbstractHandlerMethodAdapter.handle(AbstractHandlerMethodAdapter.java:87)
	at org.springframework.web.servlet.DispatcherServlet.doDispatch(DispatcherServlet.java:1040)
	at org.springframework.web.servlet.DispatcherServlet.doService(DispatcherServlet.java:943)
	at org.springframework.web.servlet.FrameworkServlet.processRequest(FrameworkServlet.java:1006)
	at org.springframework.web.servlet.FrameworkServlet.doGet(FrameworkServlet.java:898)
	at javax.servlet.http.HttpServlet.service(HttpServlet.java:626)
	at org.springframework.web.servlet.FrameworkServlet.service(FrameworkServlet.java:883)
	at javax.servlet.http.HttpServlet.service(HttpServlet.java:733)
	at org.apache.catalina.core.ApplicationFilterChain.internalDoFilter(ApplicationFilterChain.java:231)
	at org.apache.catalina.core.ApplicationFilterChain.doFilter(ApplicationFilterChain.java:166)
	at org.apache.tomcat.websocket.server.WsFilter.doFilter(WsFilter.java:53)
	at org.apache.catalina.core.ApplicationFilterChain.internalDoFilter(ApplicationFilterChain.java:193)
	at org.apache.catalina.core.ApplicationFilterChain.doFilter(ApplicationFilterChain.java:166)
	at org.springframework.web.filter.RequestContextFilter.doFilterInternal(RequestContextFilter.java:100)
	at org.springframework.web.filter.OncePerRequestFilter.doFilter(OncePerRequestFilter.java:119)
	at org.apache.catalina.core.ApplicationFilterChain.internalDoFilter(ApplicationFilterChain.java:193)
	at org.apache.catalina.core.ApplicationFilterChain.doFilter(ApplicationFilterChain.java:166)
	at org.springframework.web.filter.FormContentFilter.doFilterInternal(FormContentFilter.java:93)
	at org.springframework.web.filter.OncePerRequestFilter.doFilter(OncePerRequestFilter.java:119)
	at org.apache.catalina.core.ApplicationFilterChain.internalDoFilter(ApplicationFilterChain.java:193)
	at org.apache.catalina.core.ApplicationFilterChain.doFilter(ApplicationFilterChain.java:166)
	at org.springframework.web.filter.CharacterEncodingFilter.doFilterInternal(CharacterEncodingFilter.java:201)
	at org.springframework.web.filter.OncePerRequestFilter.doFilter(OncePerRequestFilter.java:119)
	at org.apache.catalina.core.ApplicationFilterChain.internalDoFilter(ApplicationFilterChain.java:193)
	at org.apache.catalina.core.ApplicationFilterChain.doFilter(ApplicationFilterChain.java:166)
	at org.apache.catalina.core.StandardWrapperValve.invoke(StandardWrapperValve.java:202)
	at org.apache.catalina.core.StandardContextValve.invoke(StandardContextValve.java:97)
	at org.apache.catalina.authenticator.AuthenticatorBase.invoke(AuthenticatorBase.java:542)
	at org.apache.catalina.core.StandardHostValve.invoke(StandardHostValve.java:143)
	at org.apache.catalina.valves.ErrorReportValve.invoke(ErrorReportValve.java:92)
	at org.apache.catalina.core.StandardEngineValve.invoke(StandardEngineValve.java:78)
	at org.apache.catalina.connector.CoyoteAdapter.service(CoyoteAdapter.java:343)
	at org.apache.coyote.http11.Http11Processor.service(Http11Processor.java:374)
	at org.apache.coyote.AbstractProcessorLight.process(AbstractProcessorLight.java:65)
	at org.apache.coyote.AbstractProtocol$ConnectionHandler.process(AbstractProtocol.java:868)
	at org.apache.tomcat.util.net.NioEndpoint$SocketProcessor.doRun(NioEndpoint.java:1590)
	at org.apache.tomcat.util.net.SocketProcessorBase.run(SocketProcessorBase.java:49)
	at java.util.concurrent.ThreadPoolExecutor.runWorker(ThreadPoolExecutor.java:1149)
	at java.util.concurrent.ThreadPoolExecutor$Worker.run(ThreadPoolExecutor.java:624)
	at org.apache.tomcat.util.threads.TaskThread$WrappingRunnable.run(TaskThread.java:61)
	at java.lang.Thread.run(Thread.java:748)

[2m2021-05-25 01:06:56.987[0;39m [32m INFO[0;39m [35m3708[0;39m [2m---[0;39m [2m[      Thread-14][0;39m [36mo.s.s.concurrent.ThreadPoolTaskExecutor [0;39m [2m:[0;39m Shutting down ExecutorService 'applicationTaskExecutor'
[2m2021-05-25 01:06:57.470[0;39m [32m INFO[0;39m [35m3708[0;39m [2m---[0;39m [2m[  restartedMain][0;39m [36mo.s.b.w.embedded.tomcat.TomcatWebServer [0;39m [2m:[0;39m Tomcat initialized with port(s): 9999 (http)
[2m2021-05-25 01:06:57.481[0;39m [32m INFO[0;39m [35m3708[0;39m [2m---[0;39m [2m[  restartedMain][0;39m [36mw.s.c.ServletWebServerApplicationContext[0;39m [2m:[0;39m Root WebApplicationContext: initialization completed in 301 ms
[2m2021-05-25 01:06:57.657[0;39m [32m INFO[0;39m [35m3708[0;39m [2m---[0;39m [2m[  restartedMain][0;39m [36mo.s.s.concurrent.ThreadPoolTaskExecutor [0;39m [2m:[0;39m Initializing ExecutorService 'applicationTaskExecutor'
[2m2021-05-25 01:06:57.663[0;39m [32m INFO[0;39m [35m3708[0;39m [2m---[0;39m [2m[  restartedMain][0;39m [36mo.s.b.d.a.OptionalLiveReloadServer      [0;39m [2m:[0;39m LiveReload server is running on port 35729
[2m2021-05-25 01:06:57.707[0;39m [32m INFO[0;39m [35m3708[0;39m [2m---[0;39m [2m[  restartedMain][0;39m [36mo.s.b.w.embedded.tomcat.TomcatWebServer [0;39m [2m:[0;39m Tomcat started on port(s): 9999 (http) with context path '/vue'
[2m2021-05-25 01:06:57.786[0;39m [32m INFO[0;39m [35m3708[0;39m [2m---[0;39m [2m[  restartedMain][0;39m [36m.ConditionEvaluationDeltaLoggingListener[0;39m [2m:[0;39m Condition evaluation unchanged
[2m2021-05-25 01:07:06.842[0;39m [32m INFO[0;39m [35m3708[0;39m [2m---[0;39m [2m[nio-9999-exec-1][0;39m [36mo.s.web.servlet.DispatcherServlet       [0;39m [2m:[0;39m Initializing Servlet 'dispatcherServlet'
[2m2021-05-25 01:07:06.845[0;39m [32m INFO[0;39m [35m3708[0;39m [2m---[0;39m [2m[nio-9999-exec-1][0;39m [36mo.s.web.servlet.DispatcherServlet       [0;39m [2m:[0;39m Completed initialization in 2 ms
[2m2021-05-25 01:09:13.163[0;39m [32mDEBUG[0;39m [35m3708[0;39m [2m---[0;39m [2m[nio-9999-exec-7][0;39m [36mc.ssafy.vue.controller.HouseController  [0;39m [2m:[0;39m êµ¬ ëª©ë¡ í˜¸ì¶œ~
[2m2021-05-25 01:15:59.443[0;39m [32mDEBUG[0;39m [35m3708[0;39m [2m---[0;39m [2m[io-9999-exec-10][0;39m [36mc.ssafy.vue.controller.HouseController  [0;39m [2m:[0;39m êµ¬ ëª©ë¡ í˜¸ì¶œ~
[2m2021-05-25 01:17:26.990[0;39m [32mDEBUG[0;39m [35m3708[0;39m [2m---[0;39m [2m[nio-9999-exec-6][0;39m [36mc.ssafy.vue.controller.HouseController  [0;39m [2m:[0;39m êµ¬ ëª©ë¡ í˜¸ì¶œ~
[2m2021-05-25 01:18:21.867[0;39m [32mDEBUG[0;39m [35m3708[0;39m [2m---[0;39m [2m[nio-9999-exec-9][0;39m [36mc.ssafy.vue.controller.HouseController  [0;39m [2m:[0;39m êµ¬ ëª©ë¡ í˜¸ì¶œ~
[2m2021-05-25 01:33:40.843[0;39m [32mDEBUG[0;39m [35m3708[0;39m [2m---[0;39m [2m[nio-9999-exec-9][0;39m [36mc.ssafy.vue.controller.HouseController  [0;39m [2m:[0;39m êµ¬ ëª©ë¡ í˜¸ì¶œ~
[2m2021-05-25 01:34:30.753[0;39m [32mDEBUG[0;39m [35m3708[0;39m [2m---[0;39m [2m[nio-9999-exec-4][0;39m [36mc.ssafy.vue.controller.HouseController  [0;39m [2m:[0;39m êµ¬ ëª©ë¡ í˜¸ì¶œ~
[2m2021-05-25 01:35:07.908[0;39m [32mDEBUG[0;39m [35m3708[0;39m [2m---[0;39m [2m[nio-9999-exec-7][0;39m [36mc.ssafy.vue.controller.HouseController  [0;39m [2m:[0;39m êµ¬ ëª©ë¡ í˜¸ì¶œ~
[2m2021-05-25 01:38:46.897[0;39m [32mDEBUG[0;39m [35m3708[0;39m [2m---[0;39m [2m[nio-9999-exec-4][0;39m [36mc.ssafy.vue.controller.HouseController  [0;39m [2m:[0;39m êµ¬ ëª©ë¡ í˜¸ì¶œ~
[2m2021-05-25 01:42:20.029[0;39m [32mDEBUG[0;39m [35m3708[0;39m [2m---[0;39m [2m[nio-9999-exec-2][0;39m [36mc.ssafy.vue.controller.HouseController  [0;39m [2m:[0;39m êµ¬ ëª©ë¡ í˜¸ì¶œ~
[2m2021-05-25 01:43:25.724[0;39m [32mDEBUG[0;39m [35m3708[0;39m [2m---[0;39m [2m[nio-9999-exec-6][0;39m [36mc.ssafy.vue.controller.HouseController  [0;39m [2m:[0;39m êµ¬ ëª©ë¡ í˜¸ì¶œ~
[2m2021-05-25 01:51:19.496[0;39m [32mDEBUG[0;39m [35m3708[0;39m [2m---[0;39m [2m[nio-9999-exec-3][0;39m [36mc.ssafy.vue.controller.HouseController  [0;39m [2m:[0;39m êµ¬ ëª©ë¡ í˜¸ì¶œ~
>>>>>>> 4244a3958357f4a21dd2af98c77c7c428f5dc847
[2m2021-05-25 03:16:05.294[0;39m [32m INFO[0;39m [35m5536[0;39m [2m---[0;39m [2m[  restartedMain][0;39m [36m.e.DevToolsPropertyDefaultsPostProcessor[0;39m [2m:[0;39m Devtools property defaults active! Set 'spring.devtools.add-properties' to 'false' to disable
[2m2021-05-25 03:16:05.314[0;39m [32m INFO[0;39m [35m5536[0;39m [2m---[0;39m [2m[  restartedMain][0;39m [36m.e.DevToolsPropertyDefaultsPostProcessor[0;39m [2m:[0;39m For additional web related logging consider setting the 'logging.level.web' property to 'DEBUG'
[2m2021-05-25 03:16:19.320[0;39m [32m INFO[0;39m [35m5536[0;39m [2m---[0;39m [2m[  restartedMain][0;39m [36mo.s.b.w.embedded.tomcat.TomcatWebServer [0;39m [2m:[0;39m Tomcat initialized with port(s): 9999 (http)
[2m2021-05-25 03:16:20.777[0;39m [32m INFO[0;39m [35m5536[0;39m [2m---[0;39m [2m[  restartedMain][0;39m [36mw.s.c.ServletWebServerApplicationContext[0;39m [2m:[0;39m Root WebApplicationContext: initialization completed in 15459 ms
[2m2021-05-25 03:16:29.276[0;39m [32m INFO[0;39m [35m5536[0;39m [2m---[0;39m [2m[  restartedMain][0;39m [36mo.s.s.concurrent.ThreadPoolTaskExecutor [0;39m [2m:[0;39m Initializing ExecutorService 'applicationTaskExecutor'
[2m2021-05-25 03:16:29.660[0;39m [32m INFO[0;39m [35m5536[0;39m [2m---[0;39m [2m[  restartedMain][0;39m [36mo.s.b.d.a.OptionalLiveReloadServer      [0;39m [2m:[0;39m LiveReload server is running on port 35729
[2m2021-05-25 03:16:32.624[0;39m [32m INFO[0;39m [35m5536[0;39m [2m---[0;39m [2m[  restartedMain][0;39m [36mo.s.b.w.embedded.tomcat.TomcatWebServer [0;39m [2m:[0;39m Tomcat started on port(s): 9999 (http) with context path '/vue'
[2m2021-05-25 03:16:58.820[0;39m [32m INFO[0;39m [35m5536[0;39m [2m---[0;39m [2m[       Thread-5][0;39m [36mo.s.s.concurrent.ThreadPoolTaskExecutor [0;39m [2m:[0;39m Shutting down ExecutorService 'applicationTaskExecutor'
[2m2021-05-25 03:17:03.582[0;39m [32m INFO[0;39m [35m5536[0;39m [2m---[0;39m [2m[  restartedMain][0;39m [36mo.s.b.w.embedded.tomcat.TomcatWebServer [0;39m [2m:[0;39m Tomcat initialized with port(s): 9999 (http)
[2m2021-05-25 03:17:04.902[0;39m [32m INFO[0;39m [35m5536[0;39m [2m---[0;39m [2m[  restartedMain][0;39m [36mw.s.c.ServletWebServerApplicationContext[0;39m [2m:[0;39m Root WebApplicationContext: initialization completed in 4865 ms
[2m2021-05-25 03:17:06.294[0;39m [32m INFO[0;39m [35m5536[0;39m [2m---[0;39m [2m[  restartedMain][0;39m [36mo.s.s.concurrent.ThreadPoolTaskExecutor [0;39m [2m:[0;39m Initializing ExecutorService 'applicationTaskExecutor'
[2m2021-05-25 03:17:06.322[0;39m [32m INFO[0;39m [35m5536[0;39m [2m---[0;39m [2m[  restartedMain][0;39m [36mo.s.b.d.a.OptionalLiveReloadServer      [0;39m [2m:[0;39m LiveReload server is running on port 35729
[2m2021-05-25 03:17:06.630[0;39m [32m INFO[0;39m [35m5536[0;39m [2m---[0;39m [2m[  restartedMain][0;39m [36mo.s.b.w.embedded.tomcat.TomcatWebServer [0;39m [2m:[0;39m Tomcat started on port(s): 9999 (http) with context path '/vue'
[2m2021-05-25 03:17:07.119[0;39m [32m INFO[0;39m [35m5536[0;39m [2m---[0;39m [2m[  restartedMain][0;39m [36m.ConditionEvaluationDeltaLoggingListener[0;39m [2m:[0;39m Condition evaluation unchanged
2021-05-25 03:18:34.022  INFO   --- [           main] .b.t.c.SpringBootTestContextBootstrapper : Neither @ContextConfiguration nor @ContextHierarchy found for test class [com.ssafy.axios.AxiosApiApplicationTests], using SpringBootContextLoader
2021-05-25 03:18:35.166  INFO   --- [           main] o.s.t.c.support.AbstractContextLoader    : Could not detect default resource locations for test class [com.ssafy.axios.AxiosApiApplicationTests]: no resource found for suffixes {-context.xml, Context.groovy}.
2021-05-25 03:18:35.170  INFO   --- [           main] t.c.s.AnnotationConfigContextLoaderUtils : Could not detect default configuration classes for test class [com.ssafy.axios.AxiosApiApplicationTests]: AxiosApiApplicationTests does not declare any static, non-private, non-final, nested classes annotated with @Configuration.
2021-05-25 03:18:40.503  INFO   --- [           main] .b.t.c.SpringBootTestContextBootstrapper : Neither @ContextConfiguration nor @ContextHierarchy found for test class [com.ssafy.axios.AxiosApiApplicationTests], using SpringBootContextLoader
2021-05-25 03:18:40.508  INFO   --- [           main] o.s.t.c.support.AbstractContextLoader    : Could not detect default resource locations for test class [com.ssafy.axios.AxiosApiApplicationTests]: no resource found for suffixes {-context.xml, Context.groovy}.
2021-05-25 03:18:40.510  INFO   --- [           main] t.c.s.AnnotationConfigContextLoaderUtils : Could not detect default configuration classes for test class [com.ssafy.axios.AxiosApiApplicationTests]: AxiosApiApplicationTests does not declare any static, non-private, non-final, nested classes annotated with @Configuration.
2021-05-25 03:18:40.881  INFO   --- [           main] .b.t.c.SpringBootTestContextBootstrapper : Neither @ContextConfiguration nor @ContextHierarchy found for test class [com.ssafy.axios.AxiosApiApplicationTests], using SpringBootContextLoader
2021-05-25 03:18:40.886  INFO   --- [           main] o.s.t.c.support.AbstractContextLoader    : Could not detect default resource locations for test class [com.ssafy.axios.AxiosApiApplicationTests]: no resource found for suffixes {-context.xml, Context.groovy}.
2021-05-25 03:18:40.888  INFO   --- [           main] t.c.s.AnnotationConfigContextLoaderUtils : Could not detect default configuration classes for test class [com.ssafy.axios.AxiosApiApplicationTests]: AxiosApiApplicationTests does not declare any static, non-private, non-final, nested classes annotated with @Configuration.
2021-05-25 03:18:41.567  INFO   --- [           main] .b.t.c.SpringBootTestContextBootstrapper : Neither @ContextConfiguration nor @ContextHierarchy found for test class [com.ssafy.vue.VueApiApplicationTests], using SpringBootContextLoader
2021-05-25 03:18:41.571  INFO   --- [           main] o.s.t.c.support.AbstractContextLoader    : Could not detect default resource locations for test class [com.ssafy.vue.VueApiApplicationTests]: no resource found for suffixes {-context.xml, Context.groovy}.
2021-05-25 03:18:41.573  INFO   --- [           main] t.c.s.AnnotationConfigContextLoaderUtils : Could not detect default configuration classes for test class [com.ssafy.vue.VueApiApplicationTests]: VueApiApplicationTests does not declare any static, non-private, non-final, nested classes annotated with @Configuration.
2021-05-25 03:18:41.935  INFO   --- [           main] .b.t.c.SpringBootTestContextBootstrapper : Found @SpringBootConfiguration com.ssafy.vue.VueApiApplication for test class com.ssafy.vue.VueApiApplicationTests
2021-05-25 03:18:48.469  INFO   --- [           main] .b.t.c.SpringBootTestContextBootstrapper : Loaded default TestExecutionListener class names from location [META-INF/spring.factories]: [org.springframework.boot.test.mock.mockito.MockitoTestExecutionListener, org.springframework.boot.test.mock.mockito.ResetMocksTestExecutionListener, org.springframework.boot.test.autoconfigure.restdocs.RestDocsTestExecutionListener, org.springframework.boot.test.autoconfigure.web.client.MockRestServiceServerResetTestExecutionListener, org.springframework.boot.test.autoconfigure.web.servlet.MockMvcPrintOnlyOnFailureTestExecutionListener, org.springframework.boot.test.autoconfigure.web.servlet.WebDriverTestExecutionListener, org.springframework.boot.test.autoconfigure.webservices.client.MockWebServiceServerTestExecutionListener, org.springframework.test.context.web.ServletTestExecutionListener, org.springframework.test.context.support.DirtiesContextBeforeModesTestExecutionListener, org.springframework.test.context.support.DependencyInjectionTestExecutionListener, org.springframework.test.context.support.DirtiesContextTestExecutionListener, org.springframework.test.context.transaction.TransactionalTestExecutionListener, org.springframework.test.context.jdbc.SqlScriptsTestExecutionListener, org.springframework.test.context.event.EventPublishingTestExecutionListener]
2021-05-25 03:18:48.695  INFO   --- [           main] .b.t.c.SpringBootTestContextBootstrapper : Using TestExecutionListeners: [org.springframework.test.context.web.ServletTestExecutionListener@4ef74c30, org.springframework.test.context.support.DirtiesContextBeforeModesTestExecutionListener@7283d3eb, org.springframework.boot.test.mock.mockito.MockitoTestExecutionListener@638ef7ed, org.springframework.boot.test.autoconfigure.SpringBootDependencyInjectionTestExecutionListener@4bff7da0, org.springframework.test.context.support.DirtiesContextTestExecutionListener@3f1d2e23, org.springframework.test.context.transaction.TransactionalTestExecutionListener@536dbea0, org.springframework.test.context.jdbc.SqlScriptsTestExecutionListener@47c81abf, org.springframework.test.context.event.EventPublishingTestExecutionListener@776a6d9b, org.springframework.boot.test.mock.mockito.ResetMocksTestExecutionListener@21d03963, org.springframework.boot.test.autoconfigure.restdocs.RestDocsTestExecutionListener@1f760b47, org.springframework.boot.test.autoconfigure.web.client.MockRestServiceServerResetTestExecutionListener@18ece7f4, org.springframework.boot.test.autoconfigure.web.servlet.MockMvcPrintOnlyOnFailureTestExecutionListener@3cce57c7, org.springframework.boot.test.autoconfigure.web.servlet.WebDriverTestExecutionListener@1cf56a1c, org.springframework.boot.test.autoconfigure.webservices.client.MockWebServiceServerTestExecutionListener@33f676f6]
2021-05-25 03:20:30.438  INFO 14348 --- [           main] o.s.s.concurrent.ThreadPoolTaskExecutor  : Initializing ExecutorService 'applicationTaskExecutor'
2021-05-25 03:21:28.152  INFO 14348 --- [extShutdownHook] o.s.s.concurrent.ThreadPoolTaskExecutor  : Shutting down ExecutorService 'applicationTaskExecutor'
[2m2021-05-25 03:25:36.044[0;39m [32m INFO[0;39m [35m5536[0;39m [2m---[0;39m [2m[       Thread-9][0;39m [36mo.s.s.concurrent.ThreadPoolTaskExecutor [0;39m [2m:[0;39m Shutting down ExecutorService 'applicationTaskExecutor'
[2m2021-05-25 03:25:45.293[0;39m [32m INFO[0;39m [35m5536[0;39m [2m---[0;39m [2m[  restartedMain][0;39m [36mo.s.b.w.embedded.tomcat.TomcatWebServer [0;39m [2m:[0;39m Tomcat initialized with port(s): 9999 (http)
[2m2021-05-25 03:25:45.376[0;39m [32m INFO[0;39m [35m5536[0;39m [2m---[0;39m [2m[  restartedMain][0;39m [36mw.s.c.ServletWebServerApplicationContext[0;39m [2m:[0;39m Root WebApplicationContext: initialization completed in 7149 ms
[2m2021-05-25 03:25:46.650[0;39m [32m INFO[0;39m [35m5536[0;39m [2m---[0;39m [2m[  restartedMain][0;39m [36mo.s.s.concurrent.ThreadPoolTaskExecutor [0;39m [2m:[0;39m Initializing ExecutorService 'applicationTaskExecutor'
[2m2021-05-25 03:25:46.681[0;39m [32m INFO[0;39m [35m5536[0;39m [2m---[0;39m [2m[  restartedMain][0;39m [36mo.s.b.d.a.OptionalLiveReloadServer      [0;39m [2m:[0;39m LiveReload server is running on port 35729
[2m2021-05-25 03:25:47.026[0;39m [32m INFO[0;39m [35m5536[0;39m [2m---[0;39m [2m[  restartedMain][0;39m [36mo.s.b.w.embedded.tomcat.TomcatWebServer [0;39m [2m:[0;39m Tomcat started on port(s): 9999 (http) with context path '/vue'
[2m2021-05-25 03:25:47.569[0;39m [32m INFO[0;39m [35m5536[0;39m [2m---[0;39m [2m[  restartedMain][0;39m [36m.ConditionEvaluationDeltaLoggingListener[0;39m [2m:[0;39m Condition evaluation unchanged
[2m2021-05-25 03:28:29.361[0;39m [32m INFO[0;39m [35m5536[0;39m [2m---[0;39m [2m[nio-9999-exec-2][0;39m [36mo.s.web.servlet.DispatcherServlet       [0;39m [2m:[0;39m Initializing Servlet 'dispatcherServlet'
[2m2021-05-25 03:28:29.929[0;39m [32m INFO[0;39m [35m5536[0;39m [2m---[0;39m [2m[nio-9999-exec-2][0;39m [36mo.s.web.servlet.DispatcherServlet       [0;39m [2m:[0;39m Completed initialization in 565 ms
[2m2021-05-25 03:29:21.423[0;39m [31mERROR[0;39m [35m5536[0;39m [2m---[0;39m [2m[nio-9999-exec-2][0;39m [36mo.a.c.c.C.[.[.[.[dispatcherServlet]     [0;39m [2m:[0;39m Servlet.service() for servlet [dispatcherServlet] in context with path [/vue] threw exception [Request processing failed; nested exception is java.lang.RuntimeException] with root cause

java.lang.RuntimeException: null
	at com.ssafy.vue.service.JwtService.get(JwtService.java:73)
	at com.ssafy.vue.controller.MemberController.getInfo(MemberController.java:131)
	at sun.reflect.NativeMethodAccessorImpl.invoke0(Native Method)
	at sun.reflect.NativeMethodAccessorImpl.invoke(NativeMethodAccessorImpl.java:62)
	at sun.reflect.DelegatingMethodAccessorImpl.invoke(DelegatingMethodAccessorImpl.java:43)
	at java.lang.reflect.Method.invoke(Method.java:498)
	at org.springframework.web.method.support.InvocableHandlerMethod.doInvoke(InvocableHandlerMethod.java:190)
	at org.springframework.web.method.support.InvocableHandlerMethod.invokeForRequest(InvocableHandlerMethod.java:138)
	at org.springframework.web.servlet.mvc.method.annotation.ServletInvocableHandlerMethod.invokeAndHandle(ServletInvocableHandlerMethod.java:105)
	at org.springframework.web.servlet.mvc.method.annotation.RequestMappingHandlerAdapter.invokeHandlerMethod(RequestMappingHandlerAdapter.java:878)
	at org.springframework.web.servlet.mvc.method.annotation.RequestMappingHandlerAdapter.handleInternal(RequestMappingHandlerAdapter.java:792)
	at org.springframework.web.servlet.mvc.method.AbstractHandlerMethodAdapter.handle(AbstractHandlerMethodAdapter.java:87)
	at org.springframework.web.servlet.DispatcherServlet.doDispatch(DispatcherServlet.java:1040)
	at org.springframework.web.servlet.DispatcherServlet.doService(DispatcherServlet.java:943)
	at org.springframework.web.servlet.FrameworkServlet.processRequest(FrameworkServlet.java:1006)
	at org.springframework.web.servlet.FrameworkServlet.doGet(FrameworkServlet.java:898)
	at javax.servlet.http.HttpServlet.service(HttpServlet.java:626)
	at org.springframework.web.servlet.FrameworkServlet.service(FrameworkServlet.java:883)
	at javax.servlet.http.HttpServlet.service(HttpServlet.java:733)
	at org.apache.catalina.core.ApplicationFilterChain.internalDoFilter(ApplicationFilterChain.java:231)
	at org.apache.catalina.core.ApplicationFilterChain.doFilter(ApplicationFilterChain.java:166)
	at org.apache.tomcat.websocket.server.WsFilter.doFilter(WsFilter.java:53)
	at org.apache.catalina.core.ApplicationFilterChain.internalDoFilter(ApplicationFilterChain.java:193)
	at org.apache.catalina.core.ApplicationFilterChain.doFilter(ApplicationFilterChain.java:166)
	at org.springframework.web.filter.RequestContextFilter.doFilterInternal(RequestContextFilter.java:100)
	at org.springframework.web.filter.OncePerRequestFilter.doFilter(OncePerRequestFilter.java:119)
	at org.apache.catalina.core.ApplicationFilterChain.internalDoFilter(ApplicationFilterChain.java:193)
	at org.apache.catalina.core.ApplicationFilterChain.doFilter(ApplicationFilterChain.java:166)
	at org.springframework.web.filter.FormContentFilter.doFilterInternal(FormContentFilter.java:93)
	at org.springframework.web.filter.OncePerRequestFilter.doFilter(OncePerRequestFilter.java:119)
	at org.apache.catalina.core.ApplicationFilterChain.internalDoFilter(ApplicationFilterChain.java:193)
	at org.apache.catalina.core.ApplicationFilterChain.doFilter(ApplicationFilterChain.java:166)
	at org.springframework.web.filter.CharacterEncodingFilter.doFilterInternal(CharacterEncodingFilter.java:201)
	at org.springframework.web.filter.OncePerRequestFilter.doFilter(OncePerRequestFilter.java:119)
	at org.apache.catalina.core.ApplicationFilterChain.internalDoFilter(ApplicationFilterChain.java:193)
	at org.apache.catalina.core.ApplicationFilterChain.doFilter(ApplicationFilterChain.java:166)
	at org.apache.catalina.core.StandardWrapperValve.invoke(StandardWrapperValve.java:202)
	at org.apache.catalina.core.StandardContextValve.invoke(StandardContextValve.java:97)
	at org.apache.catalina.authenticator.AuthenticatorBase.invoke(AuthenticatorBase.java:542)
	at org.apache.catalina.core.StandardHostValve.invoke(StandardHostValve.java:143)
	at org.apache.catalina.valves.ErrorReportValve.invoke(ErrorReportValve.java:92)
	at org.apache.catalina.core.StandardEngineValve.invoke(StandardEngineValve.java:78)
	at org.apache.catalina.connector.CoyoteAdapter.service(CoyoteAdapter.java:343)
	at org.apache.coyote.http11.Http11Processor.service(Http11Processor.java:374)
	at org.apache.coyote.AbstractProcessorLight.process(AbstractProcessorLight.java:65)
	at org.apache.coyote.AbstractProtocol$ConnectionHandler.process(AbstractProtocol.java:868)
	at org.apache.tomcat.util.net.NioEndpoint$SocketProcessor.doRun(NioEndpoint.java:1590)
	at org.apache.tomcat.util.net.SocketProcessorBase.run(SocketProcessorBase.java:49)
	at java.util.concurrent.ThreadPoolExecutor.runWorker(ThreadPoolExecutor.java:1149)
	at java.util.concurrent.ThreadPoolExecutor$Worker.run(ThreadPoolExecutor.java:624)
	at org.apache.tomcat.util.threads.TaskThread$WrappingRunnable.run(TaskThread.java:61)
	at java.lang.Thread.run(Thread.java:748)

[2m2021-05-25 03:31:15.234[0;39m [31mERROR[0;39m [35m5536[0;39m [2m---[0;39m [2m[nio-9999-exec-2][0;39m [36mo.a.c.c.C.[Tomcat].[localhost]          [0;39m [2m:[0;39m Exception Processing ErrorPage[errorCode=0, location=/error]

org.apache.catalina.connector.ClientAbortException: java.io.IOException: í˜„ìž¬ ì—°ê²°ì€ ì‚¬ìš©ìžì˜ í˜¸ìŠ¤íŠ¸ ì‹œìŠ¤í…œì˜ ì†Œí”„íŠ¸ì›¨ì–´ì˜ ì˜í•´ ì¤‘ë‹¨ë˜ì—ˆìŠµë‹ˆë‹¤
	at org.apache.catalina.connector.OutputBuffer.doFlush(OutputBuffer.java:309)
	at org.apache.catalina.connector.OutputBuffer.flush(OutputBuffer.java:272)
	at org.apache.catalina.connector.CoyoteOutputStream.flush(CoyoteOutputStream.java:118)
	at org.springframework.http.converter.AbstractGenericHttpMessageConverter.write(AbstractGenericHttpMessageConverter.java:105)
	at org.springframework.web.servlet.mvc.method.annotation.AbstractMessageConverterMethodProcessor.writeWithMessageConverters(AbstractMessageConverterMethodProcessor.java:277)
	at org.springframework.web.servlet.mvc.method.annotation.HttpEntityMethodProcessor.handleReturnValue(HttpEntityMethodProcessor.java:219)
	at org.springframework.web.method.support.HandlerMethodReturnValueHandlerComposite.handleReturnValue(HandlerMethodReturnValueHandlerComposite.java:82)
	at org.springframework.web.servlet.mvc.method.annotation.ServletInvocableHandlerMethod.invokeAndHandle(ServletInvocableHandlerMethod.java:123)
	at org.springframework.web.servlet.mvc.method.annotation.RequestMappingHandlerAdapter.invokeHandlerMethod(RequestMappingHandlerAdapter.java:878)
	at org.springframework.web.servlet.mvc.method.annotation.RequestMappingHandlerAdapter.handleInternal(RequestMappingHandlerAdapter.java:792)
	at org.springframework.web.servlet.mvc.method.AbstractHandlerMethodAdapter.handle(AbstractHandlerMethodAdapter.java:87)
	at org.springframework.web.servlet.DispatcherServlet.doDispatch(DispatcherServlet.java:1040)
	at org.springframework.web.servlet.DispatcherServlet.doService(DispatcherServlet.java:943)
	at org.springframework.web.servlet.FrameworkServlet.processRequest(FrameworkServlet.java:1006)
	at org.springframework.web.servlet.FrameworkServlet.doGet(FrameworkServlet.java:898)
	at javax.servlet.http.HttpServlet.service(HttpServlet.java:626)
	at org.springframework.web.servlet.FrameworkServlet.service(FrameworkServlet.java:883)
	at javax.servlet.http.HttpServlet.service(HttpServlet.java:733)
	at org.apache.catalina.core.ApplicationFilterChain.internalDoFilter(ApplicationFilterChain.java:231)
	at org.apache.catalina.core.ApplicationFilterChain.doFilter(ApplicationFilterChain.java:166)
	at org.springframework.web.filter.RequestContextFilter.doFilterInternal(RequestContextFilter.java:100)
	at org.springframework.web.filter.OncePerRequestFilter.doFilter(OncePerRequestFilter.java:119)
	at org.apache.catalina.core.ApplicationFilterChain.internalDoFilter(ApplicationFilterChain.java:193)
	at org.apache.catalina.core.ApplicationFilterChain.doFilter(ApplicationFilterChain.java:166)
	at org.springframework.web.filter.OncePerRequestFilter.doFilter(OncePerRequestFilter.java:103)
	at org.apache.catalina.core.ApplicationFilterChain.internalDoFilter(ApplicationFilterChain.java:193)
	at org.apache.catalina.core.ApplicationFilterChain.doFilter(ApplicationFilterChain.java:166)
	at org.springframework.web.filter.OncePerRequestFilter.doFilter(OncePerRequestFilter.java:103)
	at org.apache.catalina.core.ApplicationFilterChain.internalDoFilter(ApplicationFilterChain.java:193)
	at org.apache.catalina.core.ApplicationFilterChain.doFilter(ApplicationFilterChain.java:166)
	at org.apache.catalina.core.ApplicationDispatcher.invoke(ApplicationDispatcher.java:712)
	at org.apache.catalina.core.ApplicationDispatcher.processRequest(ApplicationDispatcher.java:461)
	at org.apache.catalina.core.ApplicationDispatcher.doForward(ApplicationDispatcher.java:384)
	at org.apache.catalina.core.ApplicationDispatcher.forward(ApplicationDispatcher.java:312)
	at org.apache.catalina.core.StandardHostValve.custom(StandardHostValve.java:398)
	at org.apache.catalina.core.StandardHostValve.status(StandardHostValve.java:257)
	at org.apache.catalina.core.StandardHostValve.throwable(StandardHostValve.java:352)
	at org.apache.catalina.core.StandardHostValve.invoke(StandardHostValve.java:177)
	at org.apache.catalina.valves.ErrorReportValve.invoke(ErrorReportValve.java:92)
	at org.apache.catalina.core.StandardEngineValve.invoke(StandardEngineValve.java:78)
	at org.apache.catalina.connector.CoyoteAdapter.service(CoyoteAdapter.java:343)
	at org.apache.coyote.http11.Http11Processor.service(Http11Processor.java:374)
	at org.apache.coyote.AbstractProcessorLight.process(AbstractProcessorLight.java:65)
	at org.apache.coyote.AbstractProtocol$ConnectionHandler.process(AbstractProtocol.java:868)
	at org.apache.tomcat.util.net.NioEndpoint$SocketProcessor.doRun(NioEndpoint.java:1590)
	at org.apache.tomcat.util.net.SocketProcessorBase.run(SocketProcessorBase.java:49)
	at java.util.concurrent.ThreadPoolExecutor.runWorker(ThreadPoolExecutor.java:1149)
	at java.util.concurrent.ThreadPoolExecutor$Worker.run(ThreadPoolExecutor.java:624)
	at org.apache.tomcat.util.threads.TaskThread$WrappingRunnable.run(TaskThread.java:61)
	at java.lang.Thread.run(Thread.java:748)
Caused by: java.io.IOException: í˜„ìž¬ ì—°ê²°ì€ ì‚¬ìš©ìžì˜ í˜¸ìŠ¤íŠ¸ ì‹œìŠ¤í…œì˜ ì†Œí”„íŠ¸ì›¨ì–´ì˜ ì˜í•´ ì¤‘ë‹¨ë˜ì—ˆìŠµë‹ˆë‹¤
	at sun.nio.ch.SocketDispatcher.write0(Native Method)
	at sun.nio.ch.SocketDispatcher.write(SocketDispatcher.java:51)
	at sun.nio.ch.IOUtil.writeFromNativeBuffer(IOUtil.java:93)
	at sun.nio.ch.IOUtil.write(IOUtil.java:65)
	at sun.nio.ch.SocketChannelImpl.write(SocketChannelImpl.java:471)
	at org.apache.tomcat.util.net.NioChannel.write(NioChannel.java:138)
	at org.apache.tomcat.util.net.NioBlockingSelector.write(NioBlockingSelector.java:101)
	at org.apache.tomcat.util.net.NioSelectorPool.write(NioSelectorPool.java:152)
	at org.apache.tomcat.util.net.NioEndpoint$NioSocketWrapper.doWrite(NioEndpoint.java:1253)
	at org.apache.tomcat.util.net.SocketWrapperBase.doWrite(SocketWrapperBase.java:764)
	at org.apache.tomcat.util.net.SocketWrapperBase.flushBlocking(SocketWrapperBase.java:717)
	at org.apache.tomcat.util.net.SocketWrapperBase.flush(SocketWrapperBase.java:707)
	at org.apache.coyote.http11.Http11OutputBuffer$SocketOutputBuffer.flush(Http11OutputBuffer.java:572)
	at org.apache.coyote.http11.filters.ChunkedOutputFilter.flush(ChunkedOutputFilter.java:157)
	at org.apache.coyote.http11.Http11OutputBuffer.flush(Http11OutputBuffer.java:220)
	at org.apache.coyote.http11.Http11Processor.flush(Http11Processor.java:1195)
	at org.apache.coyote.AbstractProcessor.action(AbstractProcessor.java:399)
	at org.apache.coyote.Response.action(Response.java:209)
	at org.apache.catalina.connector.OutputBuffer.doFlush(OutputBuffer.java:305)
	... 49 common frames omitted

[2m2021-05-25 03:31:53.028[0;39m [32m INFO[0;39m [35m5536[0;39m [2m---[0;39m [2m[nio-9999-exec-3][0;39m [36mcom.ssafy.vue.service.JwtService        [0;39m [2m:[0;39m jwt : eyJ0eXAiOiJKV1QiLCJhbGciOiJIUzI1NiJ9.eyJzdWIiOiLroZzqt7jsnbjthqDtgbAiLCJleHAiOjE2MjE4ODE0MTIsInVzZXIiOnsidXNlcmlkIjoidGVzdDIiLCJ1c2VybmFtZSI6InRlc3QyIiwidXNlcnB3ZCI6bnVsbCwicGhvbmUiOiJ0ZXN0QHNzYWZ5IiwiZW1haWwiOiIwMTAtMDAwMC0wMDAwIiwiam9pbmRhdGUiOjE2MjE3Njc1NzAwMDB9LCJncmVldGluZyI6Iu2ZmOyYge2VqeuLiOuLpC4gdGVzdDIifQ.wx4x9jJu4WvGNezLEWi5nHJR1ssWy142a2UL5oCO0lY
[2m2021-05-25 03:31:53.028[0;39m [32m INFO[0;39m [35m5536[0;39m [2m---[0;39m [2m[nio-9999-exec-5][0;39m [36mcom.ssafy.vue.service.JwtService        [0;39m [2m:[0;39m jwt : eyJ0eXAiOiJKV1QiLCJhbGciOiJIUzI1NiJ9.eyJzdWIiOiLroZzqt7jsnbjthqDtgbAiLCJleHAiOjE2MjE4ODE0MTIsInVzZXIiOnsidXNlcmlkIjoidGVzdDIiLCJ1c2VybmFtZSI6InRlc3QyIiwidXNlcnB3ZCI6bnVsbCwicGhvbmUiOiJ0ZXN0QHNzYWZ5IiwiZW1haWwiOiIwMTAtMDAwMC0wMDAwIiwiam9pbmRhdGUiOjE2MjE3Njc1NzAwMDB9LCJncmVldGluZyI6Iu2ZmOyYge2VqeuLiOuLpC4gdGVzdDIifQ.wx4x9jJu4WvGNezLEWi5nHJR1ssWy142a2UL5oCO0lY
[2m2021-05-25 03:31:53.028[0;39m [32m INFO[0;39m [35m5536[0;39m [2m---[0;39m [2m[nio-9999-exec-4][0;39m [36mcom.ssafy.vue.service.JwtService        [0;39m [2m:[0;39m jwt : eyJ0eXAiOiJKV1QiLCJhbGciOiJIUzI1NiJ9.eyJzdWIiOiLroZzqt7jsnbjthqDtgbAiLCJleHAiOjE2MjE4ODE0MTIsInVzZXIiOnsidXNlcmlkIjoidGVzdDIiLCJ1c2VybmFtZSI6InRlc3QyIiwidXNlcnB3ZCI6bnVsbCwicGhvbmUiOiJ0ZXN0QHNzYWZ5IiwiZW1haWwiOiIwMTAtMDAwMC0wMDAwIiwiam9pbmRhdGUiOjE2MjE3Njc1NzAwMDB9LCJncmVldGluZyI6Iu2ZmOyYge2VqeuLiOuLpC4gdGVzdDIifQ.wx4x9jJu4WvGNezLEWi5nHJR1ssWy142a2UL5oCO0lY
[2m2021-05-25 03:32:22.199[0;39m [32mDEBUG[0;39m [35m5536[0;39m [2m---[0;39m [2m[nio-9999-exec-9][0;39m [36mc.ssafy.vue.controller.BoardController  [0;39m [2m:[0;39m retrieveBoard - í˜¸ì¶œ
[2m2021-05-25 03:32:25.658[0;39m [32mDEBUG[0;39m [35m5536[0;39m [2m---[0;39m [2m[io-9999-exec-10][0;39m [36mc.ssafy.vue.controller.BoardController  [0;39m [2m:[0;39m detailBoard - í˜¸ì¶œ
[2m2021-05-25 03:36:15.150[0;39m [32mDEBUG[0;39m [35m5536[0;39m [2m---[0;39m [2m[nio-9999-exec-2][0;39m [36mc.ssafy.vue.controller.BoardController  [0;39m [2m:[0;39m detailBoard - í˜¸ì¶œ
[2m2021-05-25 03:36:37.895[0;39m [32mDEBUG[0;39m [35m5536[0;39m [2m---[0;39m [2m[nio-9999-exec-5][0;39m [36mc.ssafy.vue.controller.BoardController  [0;39m [2m:[0;39m updateBoard - í˜¸ì¶œ
[2m2021-05-25 03:36:37.896[0;39m [32mDEBUG[0;39m [35m5536[0;39m [2m---[0;39m [2m[nio-9999-exec-5][0;39m [36mc.ssafy.vue.controller.BoardController  [0;39m [2m:[0;39m BoardDto [bno=0, userid=null, btitle=null, bcontent=null, bregtime=null]
[2m2021-05-25 03:36:38.741[0;39m [32mDEBUG[0;39m [35m5536[0;39m [2m---[0;39m [2m[nio-9999-exec-6][0;39m [36mc.ssafy.vue.controller.BoardController  [0;39m [2m:[0;39m retrieveBoard - í˜¸ì¶œ
[2m2021-05-25 03:36:45.870[0;39m [32mDEBUG[0;39m [35m5536[0;39m [2m---[0;39m [2m[nio-9999-exec-9][0;39m [36mc.ssafy.vue.controller.BoardController  [0;39m [2m:[0;39m retrieveBoard - í˜¸ì¶œ
[2m2021-05-25 03:36:46.320[0;39m [32mDEBUG[0;39m [35m5536[0;39m [2m---[0;39m [2m[io-9999-exec-10][0;39m [36mc.ssafy.vue.controller.BoardController  [0;39m [2m:[0;39m retrieveBoard - í˜¸ì¶œ
[2m2021-05-25 03:36:48.391[0;39m [32mDEBUG[0;39m [35m5536[0;39m [2m---[0;39m [2m[nio-9999-exec-1][0;39m [36mc.ssafy.vue.controller.BoardController  [0;39m [2m:[0;39m detailBoard - í˜¸ì¶œ
[2m2021-05-25 03:36:58.431[0;39m [32mDEBUG[0;39m [35m5536[0;39m [2m---[0;39m [2m[nio-9999-exec-3][0;39m [36mc.ssafy.vue.controller.BoardController  [0;39m [2m:[0;39m detailBoard - í˜¸ì¶œ
[2m2021-05-25 03:37:04.136[0;39m [32mDEBUG[0;39m [35m5536[0;39m [2m---[0;39m [2m[nio-9999-exec-6][0;39m [36mc.ssafy.vue.controller.BoardController  [0;39m [2m:[0;39m detailBoard - í˜¸ì¶œ
[2m2021-05-25 03:37:07.890[0;39m [32mDEBUG[0;39m [35m5536[0;39m [2m---[0;39m [2m[nio-9999-exec-7][0;39m [36mc.ssafy.vue.controller.BoardController  [0;39m [2m:[0;39m deleteBoard - í˜¸ì¶œ
[2m2021-05-25 03:37:10.682[0;39m [32mDEBUG[0;39m [35m5536[0;39m [2m---[0;39m [2m[nio-9999-exec-9][0;39m [36mc.ssafy.vue.controller.BoardController  [0;39m [2m:[0;39m retrieveBoard - í˜¸ì¶œ
[2m2021-05-25 03:37:10.929[0;39m [32mDEBUG[0;39m [35m5536[0;39m [2m---[0;39m [2m[io-9999-exec-10][0;39m [36mc.ssafy.vue.controller.BoardController  [0;39m [2m:[0;39m retrieveBoard - í˜¸ì¶œ
[2m2021-05-25 03:37:11.166[0;39m [32mDEBUG[0;39m [35m5536[0;39m [2m---[0;39m [2m[nio-9999-exec-1][0;39m [36mc.ssafy.vue.controller.BoardController  [0;39m [2m:[0;39m detailBoard - í˜¸ì¶œ
[2m2021-05-25 03:37:16.832[0;39m [32mDEBUG[0;39m [35m5536[0;39m [2m---[0;39m [2m[nio-9999-exec-2][0;39m [36mc.ssafy.vue.controller.BoardController  [0;39m [2m:[0;39m detailBoard - í˜¸ì¶œ
[2m2021-05-25 03:38:36.841[0;39m [32mDEBUG[0;39m [35m5536[0;39m [2m---[0;39m [2m[nio-9999-exec-2][0;39m [36mc.ssafy.vue.controller.HouseController  [0;39m [2m:[0;39m êµ¬ ëª©ë¡ í˜¸ì¶œ~
[2m2021-05-25 03:49:00.944[0;39m [32m INFO[0;39m [35m5536[0;39m [2m---[0;39m [2m[nio-9999-exec-3][0;39m [36mcom.ssafy.vue.service.JwtService        [0;39m [2m:[0;39m jwt : eyJ0eXAiOiJKV1QiLCJhbGciOiJIUzI1NiJ9.eyJzdWIiOiLroZzqt7jsnbjthqDtgbAiLCJleHAiOjE2MjE4ODI0MzksInVzZXIiOnsidXNlcmlkIjoidGVzdDIiLCJ1c2VybmFtZSI6InRlc3QyIiwidXNlcnB3ZCI6bnVsbCwicGhvbmUiOiJ0ZXN0QHNzYWZ5IiwiZW1haWwiOiIwMTAtMDAwMC0wMDAwIiwiam9pbmRhdGUiOjE2MjE3Njc1NzAwMDB9LCJncmVldGluZyI6Iu2ZmOyYge2VqeuLiOuLpC4gdGVzdDIifQ.om-dItZJE5RhblYvO88uunEHneSCXzirwjHl0To-fjA
[2m2021-05-25 03:49:19.412[0;39m [32mDEBUG[0;39m [35m5536[0;39m [2m---[0;39m [2m[nio-9999-exec-7][0;39m [36mc.ssafy.vue.controller.HouseController  [0;39m [2m:[0;39m êµ¬ ëª©ë¡ í˜¸ì¶œ~
[2m2021-05-25 03:50:25.289[0;39m [32mDEBUG[0;39m [35m5536[0;39m [2m---[0;39m [2m[nio-9999-exec-5][0;39m [36mc.ssafy.vue.controller.HouseController  [0;39m [2m:[0;39m êµ¬ ëª©ë¡ í˜¸ì¶œ~
[2m2021-05-25 03:50:25.331[0;39m [32mDEBUG[0;39m [35m5536[0;39m [2m---[0;39m [2m[nio-9999-exec-8][0;39m [36mc.ssafy.vue.controller.HouseController  [0;39m [2m:[0;39m getHouseInfoList í˜¸ì¶œìŠ¤~
[2m2021-05-25 03:55:47.751[0;39m [32mDEBUG[0;39m [35m5536[0;39m [2m---[0;39m [2m[nio-9999-exec-2][0;39m [36mc.ssafy.vue.controller.BoardController  [0;39m [2m:[0;39m retrieveBoard - í˜¸ì¶œ
[2m2021-05-25 03:55:48.641[0;39m [32mDEBUG[0;39m [35m5536[0;39m [2m---[0;39m [2m[nio-9999-exec-3][0;39m [36mc.ssafy.vue.controller.BoardController  [0;39m [2m:[0;39m detailBoard - í˜¸ì¶œ
[2m2021-05-25 03:55:52.167[0;39m [32mDEBUG[0;39m [35m5536[0;39m [2m---[0;39m [2m[nio-9999-exec-4][0;39m [36mc.ssafy.vue.controller.BoardController  [0;39m [2m:[0;39m detailBoard - í˜¸ì¶œ
[2m2021-05-25 04:00:16.391[0;39m [31mERROR[0;39m [35m5536[0;39m [2m---[0;39m [2m[nio-9999-exec-3][0;39m [36mo.a.c.c.C.[.[.[.[dispatcherServlet]     [0;39m [2m:[0;39m Servlet.service() for servlet [dispatcherServlet] in context with path [/vue] threw exception [Request processing failed; nested exception is org.springframework.dao.DataIntegrityViolationException: 
### Error updating database.  Cause: java.sql.SQLIntegrityConstraintViolationException: Column 'queContent' cannot be null
### The error may exist in file [C:\Users\llgyw\git\happyhouse_final_backend\target\classes\mappers\question.xml]
### The error may involve defaultParameterMap
### The error occurred while setting parameters
### SQL: update question         set queContent=?, queTitle=?   where qnaNum=?
### Cause: java.sql.SQLIntegrityConstraintViolationException: Column 'queContent' cannot be null
; Column 'queContent' cannot be null; nested exception is java.sql.SQLIntegrityConstraintViolationException: Column 'queContent' cannot be null] with root cause

java.sql.SQLIntegrityConstraintViolationException: Column 'queContent' cannot be null
	at com.mysql.cj.jdbc.exceptions.SQLError.createSQLException(SQLError.java:117)
	at com.mysql.cj.jdbc.exceptions.SQLError.createSQLException(SQLError.java:97)
	at com.mysql.cj.jdbc.exceptions.SQLExceptionsMapping.translateException(SQLExceptionsMapping.java:122)
	at com.mysql.cj.jdbc.ClientPreparedStatement.executeInternal(ClientPreparedStatement.java:953)
	at com.mysql.cj.jdbc.ClientPreparedStatement.execute(ClientPreparedStatement.java:370)
	at com.zaxxer.hikari.pool.ProxyPreparedStatement.execute(ProxyPreparedStatement.java:44)
	at com.zaxxer.hikari.pool.HikariProxyPreparedStatement.execute(HikariProxyPreparedStatement.java)
	at org.apache.ibatis.executor.statement.PreparedStatementHandler.update(PreparedStatementHandler.java:47)
	at org.apache.ibatis.executor.statement.RoutingStatementHandler.update(RoutingStatementHandler.java:74)
	at org.apache.ibatis.executor.SimpleExecutor.doUpdate(SimpleExecutor.java:50)
	at org.apache.ibatis.executor.BaseExecutor.update(BaseExecutor.java:117)
	at org.apache.ibatis.executor.CachingExecutor.update(CachingExecutor.java:76)
	at org.apache.ibatis.session.defaults.DefaultSqlSession.update(DefaultSqlSession.java:197)
	at sun.reflect.NativeMethodAccessorImpl.invoke0(Native Method)
	at sun.reflect.NativeMethodAccessorImpl.invoke(NativeMethodAccessorImpl.java:62)
	at sun.reflect.DelegatingMethodAccessorImpl.invoke(DelegatingMethodAccessorImpl.java:43)
	at java.lang.reflect.Method.invoke(Method.java:498)
	at org.mybatis.spring.SqlSessionTemplate$SqlSessionInterceptor.invoke(SqlSessionTemplate.java:426)
	at com.sun.proxy.$Proxy69.update(Unknown Source)
	at org.mybatis.spring.SqlSessionTemplate.update(SqlSessionTemplate.java:287)
	at org.apache.ibatis.binding.MapperMethod.execute(MapperMethod.java:67)
	at org.apache.ibatis.binding.MapperProxy$PlainMethodInvoker.invoke(MapperProxy.java:152)
	at org.apache.ibatis.binding.MapperProxy.invoke(MapperProxy.java:85)
	at com.sun.proxy.$Proxy107.updateQuestion(Unknown Source)
	at com.ssafy.vue.service.QuestionServiceImpl.updateQuestion(QuestionServiceImpl.java:30)
	at com.ssafy.vue.controller.QnaController.updateQuestion(QnaController.java:77)
	at sun.reflect.NativeMethodAccessorImpl.invoke0(Native Method)
	at sun.reflect.NativeMethodAccessorImpl.invoke(NativeMethodAccessorImpl.java:62)
	at sun.reflect.DelegatingMethodAccessorImpl.invoke(DelegatingMethodAccessorImpl.java:43)
	at java.lang.reflect.Method.invoke(Method.java:498)
	at org.springframework.web.method.support.InvocableHandlerMethod.doInvoke(InvocableHandlerMethod.java:190)
	at org.springframework.web.method.support.InvocableHandlerMethod.invokeForRequest(InvocableHandlerMethod.java:138)
	at org.springframework.web.servlet.mvc.method.annotation.ServletInvocableHandlerMethod.invokeAndHandle(ServletInvocableHandlerMethod.java:105)
	at org.springframework.web.servlet.mvc.method.annotation.RequestMappingHandlerAdapter.invokeHandlerMethod(RequestMappingHandlerAdapter.java:878)
	at org.springframework.web.servlet.mvc.method.annotation.RequestMappingHandlerAdapter.handleInternal(RequestMappingHandlerAdapter.java:792)
	at org.springframework.web.servlet.mvc.method.AbstractHandlerMethodAdapter.handle(AbstractHandlerMethodAdapter.java:87)
	at org.springframework.web.servlet.DispatcherServlet.doDispatch(DispatcherServlet.java:1040)
	at org.springframework.web.servlet.DispatcherServlet.doService(DispatcherServlet.java:943)
	at org.springframework.web.servlet.FrameworkServlet.processRequest(FrameworkServlet.java:1006)
	at org.springframework.web.servlet.FrameworkServlet.doPut(FrameworkServlet.java:920)
	at javax.servlet.http.HttpServlet.service(HttpServlet.java:655)
	at org.springframework.web.servlet.FrameworkServlet.service(FrameworkServlet.java:883)
	at javax.servlet.http.HttpServlet.service(HttpServlet.java:733)
	at org.apache.catalina.core.ApplicationFilterChain.internalDoFilter(ApplicationFilterChain.java:231)
	at org.apache.catalina.core.ApplicationFilterChain.doFilter(ApplicationFilterChain.java:166)
	at org.apache.tomcat.websocket.server.WsFilter.doFilter(WsFilter.java:53)
	at org.apache.catalina.core.ApplicationFilterChain.internalDoFilter(ApplicationFilterChain.java:193)
	at org.apache.catalina.core.ApplicationFilterChain.doFilter(ApplicationFilterChain.java:166)
	at org.springframework.web.filter.RequestContextFilter.doFilterInternal(RequestContextFilter.java:100)
	at org.springframework.web.filter.OncePerRequestFilter.doFilter(OncePerRequestFilter.java:119)
	at org.apache.catalina.core.ApplicationFilterChain.internalDoFilter(ApplicationFilterChain.java:193)
	at org.apache.catalina.core.ApplicationFilterChain.doFilter(ApplicationFilterChain.java:166)
	at org.springframework.web.filter.FormContentFilter.doFilterInternal(FormContentFilter.java:93)
	at org.springframework.web.filter.OncePerRequestFilter.doFilter(OncePerRequestFilter.java:119)
	at org.apache.catalina.core.ApplicationFilterChain.internalDoFilter(ApplicationFilterChain.java:193)
	at org.apache.catalina.core.ApplicationFilterChain.doFilter(ApplicationFilterChain.java:166)
	at org.springframework.web.filter.CharacterEncodingFilter.doFilterInternal(CharacterEncodingFilter.java:201)
	at org.springframework.web.filter.OncePerRequestFilter.doFilter(OncePerRequestFilter.java:119)
	at org.apache.catalina.core.ApplicationFilterChain.internalDoFilter(ApplicationFilterChain.java:193)
	at org.apache.catalina.core.ApplicationFilterChain.doFilter(ApplicationFilterChain.java:166)
	at org.apache.catalina.core.StandardWrapperValve.invoke(StandardWrapperValve.java:202)
	at org.apache.catalina.core.StandardContextValve.invoke(StandardContextValve.java:97)
	at org.apache.catalina.authenticator.AuthenticatorBase.invoke(AuthenticatorBase.java:542)
	at org.apache.catalina.core.StandardHostValve.invoke(StandardHostValve.java:143)
	at org.apache.catalina.valves.ErrorReportValve.invoke(ErrorReportValve.java:92)
	at org.apache.catalina.core.StandardEngineValve.invoke(StandardEngineValve.java:78)
	at org.apache.catalina.connector.CoyoteAdapter.service(CoyoteAdapter.java:343)
	at org.apache.coyote.http11.Http11Processor.service(Http11Processor.java:374)
	at org.apache.coyote.AbstractProcessorLight.process(AbstractProcessorLight.java:65)
	at org.apache.coyote.AbstractProtocol$ConnectionHandler.process(AbstractProtocol.java:868)
	at org.apache.tomcat.util.net.NioEndpoint$SocketProcessor.doRun(NioEndpoint.java:1590)
	at org.apache.tomcat.util.net.SocketProcessorBase.run(SocketProcessorBase.java:49)
	at java.util.concurrent.ThreadPoolExecutor.runWorker(ThreadPoolExecutor.java:1149)
	at java.util.concurrent.ThreadPoolExecutor$Worker.run(ThreadPoolExecutor.java:624)
	at org.apache.tomcat.util.threads.TaskThread$WrappingRunnable.run(TaskThread.java:61)
	at java.lang.Thread.run(Thread.java:748)

[2m2021-05-25 04:04:03.700[0;39m [32mDEBUG[0;39m [35m5536[0;39m [2m---[0;39m [2m[nio-9999-exec-4][0;39m [36mc.ssafy.vue.controller.HouseController  [0;39m [2m:[0;39m êµ¬ ëª©ë¡ í˜¸ì¶œ~
[2m2021-05-25 04:04:03.887[0;39m [32mDEBUG[0;39m [35m5536[0;39m [2m---[0;39m [2m[nio-9999-exec-5][0;39m [36mc.ssafy.vue.controller.HouseController  [0;39m [2m:[0;39m getHouseInfoList í˜¸ì¶œìŠ¤~
